mode: atomic
github.com/common-creation/coda/main.go:28.13,38.12 5 0
github.com/common-creation/coda/main.go:38.12,50.13 7 0
github.com/common-creation/coda/main.go:50.13,52.44 2 0
github.com/common-creation/coda/main.go:52.44,54.5 1 0
github.com/common-creation/coda/main.go:57.3,57.10 1 0
github.com/common-creation/coda/main.go:58.15,59.42 1 0
github.com/common-creation/coda/main.go:60.29,61.45 1 0
github.com/common-creation/coda/main.go:65.3,65.13 1 0
github.com/common-creation/coda/main.go:69.2,69.15 1 0
github.com/common-creation/coda/cmd/chat.go:52.13,59.2 4 0
github.com/common-creation/coda/cmd/chat.go:61.55,68.12 5 0
github.com/common-creation/coda/cmd/chat.go:68.12,72.3 3 0
github.com/common-creation/coda/cmd/chat.go:75.2,75.19 1 0
github.com/common-creation/coda/cmd/chat.go:75.19,77.3 1 0
github.com/common-creation/coda/cmd/chat.go:80.2,81.16 2 0
github.com/common-creation/coda/cmd/chat.go:81.16,83.3 1 0
github.com/common-creation/coda/cmd/chat.go:86.2,86.33 1 0
github.com/common-creation/coda/cmd/chat.go:89.71,112.16 12 0
github.com/common-creation/coda/cmd/chat.go:112.16,114.3 1 0
github.com/common-creation/coda/cmd/chat.go:116.2,116.18 1 0
github.com/common-creation/coda/cmd/chat.go:119.71,123.17 2 0
github.com/common-creation/coda/cmd/chat.go:123.17,125.3 1 0
github.com/common-creation/coda/cmd/chat.go:128.2,129.16 2 0
github.com/common-creation/coda/cmd/chat.go:129.16,131.3 1 0
github.com/common-creation/coda/cmd/chat.go:134.2,135.16 2 0
github.com/common-creation/coda/cmd/chat.go:135.16,137.3 1 0
github.com/common-creation/coda/cmd/chat.go:141.2,144.21 2 0
github.com/common-creation/coda/cmd/chat.go:144.21,145.65 1 0
github.com/common-creation/coda/cmd/chat.go:145.65,147.4 1 0
github.com/common-creation/coda/cmd/chat.go:151.2,153.16 3 0
github.com/common-creation/coda/cmd/chat.go:153.16,157.3 2 0
github.com/common-creation/coda/cmd/chat.go:160.2,166.44 3 0
github.com/common-creation/coda/cmd/chat.go:166.44,168.3 1 0
github.com/common-creation/coda/cmd/chat.go:171.2,172.108 2 0
github.com/common-creation/coda/cmd/chat.go:172.108,174.3 1 0
github.com/common-creation/coda/cmd/chat.go:177.2,178.16 2 0
github.com/common-creation/coda/cmd/chat.go:178.16,181.3 1 0
github.com/common-creation/coda/cmd/chat.go:181.8,183.3 1 0
github.com/common-creation/coda/cmd/chat.go:185.2,185.21 1 0
github.com/common-creation/coda/cmd/chat.go:188.60,190.25 1 0
github.com/common-creation/coda/cmd/chat.go:190.25,206.3 15 0
github.com/common-creation/coda/cmd/chat.go:209.2,209.29 1 0
github.com/common-creation/coda/cmd/chat.go:212.68,233.2 10 0
github.com/common-creation/coda/cmd/chat.go:235.88,238.16 2 0
github.com/common-creation/coda/cmd/chat.go:238.16,240.3 1 0
github.com/common-creation/coda/cmd/chat.go:243.2,244.16 2 0
github.com/common-creation/coda/cmd/chat.go:244.16,246.3 1 0
github.com/common-creation/coda/cmd/chat.go:249.2,249.22 1 0
github.com/common-creation/coda/cmd/chat.go:249.22,251.17 2 0
github.com/common-creation/coda/cmd/chat.go:251.17,253.4 1 0
github.com/common-creation/coda/cmd/chat.go:255.3,256.13 2 0
github.com/common-creation/coda/cmd/chat.go:260.2,261.16 2 0
github.com/common-creation/coda/cmd/chat.go:261.16,263.3 1 0
github.com/common-creation/coda/cmd/chat.go:265.2,265.24 1 0
github.com/common-creation/coda/cmd/chat.go:265.24,269.3 3 0
github.com/common-creation/coda/cmd/chat.go:273.2,273.23 1 0
github.com/common-creation/coda/cmd/chat.go:273.23,275.17 2 0
github.com/common-creation/coda/cmd/chat.go:275.17,277.4 1 0
github.com/common-creation/coda/cmd/chat.go:278.3,278.57 1 0
github.com/common-creation/coda/cmd/chat.go:281.2,281.12 1 0
github.com/common-creation/coda/cmd/chat.go:284.26,287.16 2 0
github.com/common-creation/coda/cmd/chat.go:287.16,289.3 1 0
github.com/common-creation/coda/cmd/chat.go:290.2,290.37 1 0
github.com/common-creation/coda/cmd/chat.go:296.71,297.15 1 0
github.com/common-creation/coda/cmd/chat.go:297.15,299.46 2 0
github.com/common-creation/coda/cmd/chat.go:299.46,300.32 1 0
github.com/common-creation/coda/cmd/chat.go:300.32,302.5 1 0
github.com/common-creation/coda/cmd/chat.go:304.3,304.16 1 0
github.com/common-creation/coda/cmd/chat.go:308.72,310.45 2 0
github.com/common-creation/coda/cmd/chat.go:310.45,311.31 1 0
github.com/common-creation/coda/cmd/chat.go:311.31,313.4 1 0
github.com/common-creation/coda/cmd/chat.go:315.2,315.25 1 0
github.com/common-creation/coda/cmd/chat.go:318.72,319.15 1 0
github.com/common-creation/coda/cmd/chat.go:319.15,321.46 2 0
github.com/common-creation/coda/cmd/chat.go:321.46,322.32 1 0
github.com/common-creation/coda/cmd/chat.go:322.32,324.5 1 0
github.com/common-creation/coda/cmd/chat.go:326.3,326.16 1 0
github.com/common-creation/coda/cmd/chat.go:330.71,332.45 2 0
github.com/common-creation/coda/cmd/chat.go:332.45,333.31 1 0
github.com/common-creation/coda/cmd/chat.go:333.31,335.4 1 0
github.com/common-creation/coda/cmd/chat.go:337.2,337.15 1 0
github.com/common-creation/coda/cmd/chat.go:345.68,347.2 1 0
github.com/common-creation/coda/cmd/chat.go:349.93,352.12 2 0
github.com/common-creation/coda/cmd/chat.go:353.20,354.26 1 0
github.com/common-creation/coda/cmd/chat.go:355.21,356.27 1 0
github.com/common-creation/coda/cmd/chat.go:357.22,358.28 1 0
github.com/common-creation/coda/cmd/chat.go:359.23,360.29 1 0
github.com/common-creation/coda/cmd/chat.go:361.20,362.26 1 0
github.com/common-creation/coda/cmd/chat.go:363.10,364.49 1 0
github.com/common-creation/coda/cmd/chat.go:366.2,366.51 1 0
github.com/common-creation/coda/cmd/chat.go:369.73,371.2 1 0
github.com/common-creation/coda/cmd/chat.go:373.71,375.2 1 0
github.com/common-creation/coda/cmd/config.go:111.13,123.2 9 0
github.com/common-creation/coda/cmd/config.go:125.61,130.18 3 0
github.com/common-creation/coda/cmd/config.go:130.18,132.3 1 0
github.com/common-creation/coda/cmd/config.go:135.2,138.39 3 0
github.com/common-creation/coda/cmd/config.go:139.14,140.57 1 0
github.com/common-creation/coda/cmd/config.go:141.21,142.41 1 0
github.com/common-creation/coda/cmd/config.go:143.10,144.67 1 0
github.com/common-creation/coda/cmd/config.go:147.2,147.16 1 0
github.com/common-creation/coda/cmd/config.go:147.16,149.3 1 0
github.com/common-creation/coda/cmd/config.go:151.2,152.12 2 0
github.com/common-creation/coda/cmd/config.go:155.60,163.56 4 0
github.com/common-creation/coda/cmd/config.go:163.56,165.3 1 0
github.com/common-creation/coda/cmd/config.go:168.2,168.47 1 0
github.com/common-creation/coda/cmd/config.go:168.47,170.3 1 0
github.com/common-creation/coda/cmd/config.go:172.2,173.12 2 0
github.com/common-creation/coda/cmd/config.go:176.60,181.16 4 0
github.com/common-creation/coda/cmd/config.go:181.16,183.3 1 0
github.com/common-creation/coda/cmd/config.go:186.2,186.41 1 0
github.com/common-creation/coda/cmd/config.go:186.41,188.3 1 0
github.com/common-creation/coda/cmd/config.go:188.8,190.3 1 0
github.com/common-creation/coda/cmd/config.go:192.2,192.12 1 0
github.com/common-creation/coda/cmd/config.go:195.61,200.47 2 0
github.com/common-creation/coda/cmd/config.go:200.47,202.3 1 0
github.com/common-creation/coda/cmd/config.go:205.2,206.53 2 0
github.com/common-creation/coda/cmd/config.go:206.53,208.3 1 0
github.com/common-creation/coda/cmd/config.go:211.2,214.65 2 0
github.com/common-creation/coda/cmd/config.go:214.65,216.3 1 0
github.com/common-creation/coda/cmd/config.go:218.2,222.12 4 0
github.com/common-creation/coda/cmd/config.go:225.65,229.39 2 0
github.com/common-creation/coda/cmd/config.go:229.39,233.3 3 0
github.com/common-creation/coda/cmd/config.go:235.2,237.12 2 0
github.com/common-creation/coda/cmd/config.go:240.66,244.49 2 0
github.com/common-creation/coda/cmd/config.go:244.49,246.3 1 0
github.com/common-creation/coda/cmd/config.go:248.2,249.19 2 0
github.com/common-creation/coda/cmd/config.go:249.19,251.3 1 0
github.com/common-creation/coda/cmd/config.go:251.8,257.17 3 0
github.com/common-creation/coda/cmd/config.go:257.17,259.4 1 0
github.com/common-creation/coda/cmd/config.go:260.3,261.16 2 0
github.com/common-creation/coda/cmd/config.go:265.2,265.18 1 0
github.com/common-creation/coda/cmd/config.go:265.18,267.3 1 0
github.com/common-creation/coda/cmd/config.go:270.2,271.16 2 0
github.com/common-creation/coda/cmd/config.go:271.16,273.3 1 0
github.com/common-creation/coda/cmd/config.go:274.2,274.63 1 0
github.com/common-creation/coda/cmd/config.go:274.63,276.3 1 0
github.com/common-creation/coda/cmd/config.go:279.2,286.47 4 0
github.com/common-creation/coda/cmd/config.go:286.47,288.3 1 0
github.com/common-creation/coda/cmd/config.go:290.2,293.12 3 0
github.com/common-creation/coda/cmd/config.go:298.61,303.28 2 0
github.com/common-creation/coda/cmd/config.go:303.28,305.3 1 0
github.com/common-creation/coda/cmd/config.go:308.2,308.16 1 0
github.com/common-creation/coda/cmd/config.go:311.66,313.20 2 0
github.com/common-creation/coda/cmd/config.go:313.20,315.3 1 0
github.com/common-creation/coda/cmd/config.go:318.2,318.18 1 0
github.com/common-creation/coda/cmd/config.go:319.12,320.49 1 0
github.com/common-creation/coda/cmd/config.go:321.15,322.52 1 0
github.com/common-creation/coda/cmd/config.go:323.12,324.49 1 0
github.com/common-creation/coda/cmd/config.go:325.17,326.54 1 0
github.com/common-creation/coda/cmd/config.go:327.17,328.54 1 0
github.com/common-creation/coda/cmd/config.go:329.10,330.67 1 0
github.com/common-creation/coda/cmd/config.go:334.79,335.21 1 0
github.com/common-creation/coda/cmd/config.go:335.21,337.3 1 0
github.com/common-creation/coda/cmd/config.go:339.2,339.18 1 0
github.com/common-creation/coda/cmd/config.go:340.18,341.26 1 0
github.com/common-creation/coda/cmd/config.go:342.15,343.23 1 0
github.com/common-creation/coda/cmd/config.go:344.21,346.17 2 0
github.com/common-creation/coda/cmd/config.go:346.17,348.4 1 0
github.com/common-creation/coda/cmd/config.go:349.3,349.28 1 0
github.com/common-creation/coda/cmd/config.go:350.20,352.17 2 0
github.com/common-creation/coda/cmd/config.go:352.17,354.4 1 0
github.com/common-creation/coda/cmd/config.go:355.3,355.28 1 0
github.com/common-creation/coda/cmd/config.go:356.10,357.66 1 0
github.com/common-creation/coda/cmd/config.go:360.2,360.12 1 0
github.com/common-creation/coda/cmd/config.go:363.82,366.2 1 0
github.com/common-creation/coda/cmd/config.go:368.79,371.2 1 0
github.com/common-creation/coda/cmd/config.go:373.84,374.21 1 0
github.com/common-creation/coda/cmd/config.go:374.21,376.3 1 0
github.com/common-creation/coda/cmd/config.go:378.2,378.18 1 0
github.com/common-creation/coda/cmd/config.go:379.15,380.28 1 0
github.com/common-creation/coda/cmd/config.go:381.17,383.68 1 0
github.com/common-creation/coda/cmd/config.go:384.10,385.71 1 0
github.com/common-creation/coda/cmd/config.go:388.2,388.12 1 0
github.com/common-creation/coda/cmd/config.go:391.84,394.2 1 0
github.com/common-creation/coda/cmd/config.go:396.69,400.18 2 0
github.com/common-creation/coda/cmd/config.go:401.12,402.21 1 0
github.com/common-creation/coda/cmd/config.go:402.21,403.20 1 0
github.com/common-creation/coda/cmd/config.go:404.20,405.32 1 0
github.com/common-creation/coda/cmd/config.go:406.17,407.29 1 0
github.com/common-creation/coda/cmd/config.go:408.23,409.54 1 0
github.com/common-creation/coda/cmd/config.go:410.22,411.52 1 0
github.com/common-creation/coda/cmd/config.go:416.2,416.61 1 0
github.com/common-creation/coda/cmd/config.go:419.38,428.42 3 0
github.com/common-creation/coda/cmd/config.go:428.42,429.64 1 0
github.com/common-creation/coda/cmd/config.go:429.64,431.4 1 0
github.com/common-creation/coda/cmd/config.go:434.2,434.14 1 0
github.com/common-creation/coda/cmd/config.go:437.29,438.19 1 0
github.com/common-creation/coda/cmd/config.go:438.19,440.3 1 0
github.com/common-creation/coda/cmd/config.go:442.2,443.16 2 0
github.com/common-creation/coda/cmd/config.go:443.16,445.3 1 0
github.com/common-creation/coda/cmd/config.go:447.2,447.52 1 0
github.com/common-creation/coda/cmd/config.go:450.50,452.2 1 0
github.com/common-creation/coda/cmd/config.go:454.69,457.16 2 0
github.com/common-creation/coda/cmd/config.go:457.16,459.3 1 0
github.com/common-creation/coda/cmd/config.go:462.2,462.55 1 0
github.com/common-creation/coda/cmd/config.go:462.55,464.3 1 0
github.com/common-creation/coda/cmd/config.go:466.2,466.12 1 0
github.com/common-creation/coda/cmd/config.go:469.37,473.16 3 0
github.com/common-creation/coda/cmd/config.go:473.16,475.3 1 0
github.com/common-creation/coda/cmd/config.go:476.2,476.49 1 0
github.com/common-creation/coda/cmd/config.go:481.38,485.2 3 0
github.com/common-creation/coda/cmd/config.go:487.46,491.2 3 0
github.com/common-creation/coda/cmd/config.go:493.40,495.11 2 0
github.com/common-creation/coda/cmd/config.go:496.32,497.19 1 0
github.com/common-creation/coda/cmd/config.go:498.33,499.20 1 0
github.com/common-creation/coda/cmd/config.go:500.10,501.59 1 0
github.com/common-creation/coda/cmd/root.go:61.47,65.2 3 0
github.com/common-creation/coda/cmd/root.go:69.16,71.16 2 0
github.com/common-creation/coda/cmd/root.go:71.16,73.3 1 0
github.com/common-creation/coda/cmd/root.go:76.13,97.2 12 0
github.com/common-creation/coda/cmd/root.go:100.19,104.16 3 0
github.com/common-creation/coda/cmd/root.go:104.16,108.3 2 0
github.com/common-creation/coda/cmd/root.go:111.2,111.15 1 0
github.com/common-creation/coda/cmd/root.go:111.15,114.3 1 0
github.com/common-creation/coda/cmd/root.go:117.2,117.47 1 0
github.com/common-creation/coda/cmd/root.go:117.47,119.3 1 0
github.com/common-creation/coda/cmd/root.go:122.2,122.44 1 0
github.com/common-creation/coda/cmd/root.go:122.44,124.3 1 0
github.com/common-creation/coda/cmd/root.go:127.2,127.43 1 0
github.com/common-creation/coda/cmd/root.go:127.43,129.3 1 0
github.com/common-creation/coda/cmd/root.go:132.50,133.19 1 0
github.com/common-creation/coda/cmd/root.go:133.19,136.3 1 0
github.com/common-creation/coda/cmd/root.go:136.8,139.17 2 0
github.com/common-creation/coda/cmd/root.go:139.17,142.4 2 0
github.com/common-creation/coda/cmd/root.go:145.3,150.31 4 0
github.com/common-creation/coda/cmd/root.go:154.2,154.45 1 0
github.com/common-creation/coda/cmd/root.go:154.45,155.56 1 0
github.com/common-creation/coda/cmd/root.go:155.56,157.4 1 0
github.com/common-creation/coda/cmd/root.go:162.2,165.34 2 0
github.com/common-creation/coda/cmd/root.go:165.34,167.3 1 0
github.com/common-creation/coda/cmd/root.go:170.2,170.24 1 0
github.com/common-creation/coda/cmd/root.go:173.50,177.2 1 0
github.com/common-creation/coda/cmd/root.go:179.22,182.2 1 0
github.com/common-creation/coda/cmd/root.go:185.55,188.14 2 0
github.com/common-creation/coda/cmd/root.go:188.14,190.3 1 0
github.com/common-creation/coda/cmd/root.go:194.2,194.49 1 0
github.com/common-creation/coda/cmd/root.go:194.49,197.3 1 0
github.com/common-creation/coda/cmd/root.go:200.2,200.19 1 0
github.com/common-creation/coda/cmd/root.go:204.38,208.2 1 0
github.com/common-creation/coda/cmd/root.go:211.33,212.16 1 0
github.com/common-creation/coda/cmd/root.go:212.16,214.3 1 0
github.com/common-creation/coda/cmd/root.go:215.2,215.12 1 0
github.com/common-creation/coda/cmd/root.go:219.21,221.2 1 0
github.com/common-creation/coda/cmd/root.go:224.52,226.45 2 0
github.com/common-creation/coda/cmd/root.go:226.45,228.3 1 0
github.com/common-creation/coda/cmd/root.go:228.8,230.3 1 0
github.com/common-creation/coda/cmd/root.go:234.54,236.45 2 0
github.com/common-creation/coda/cmd/root.go:236.45,238.3 1 0
github.com/common-creation/coda/cmd/root.go:238.8,240.3 1 0
github.com/common-creation/coda/cmd/root.go:244.51,247.2 2 0
github.com/common-creation/coda/cmd/root.go:250.54,252.45 2 0
github.com/common-creation/coda/cmd/root.go:252.45,254.3 1 0
github.com/common-creation/coda/cmd/root.go:254.8,256.3 1 0
github.com/common-creation/coda/cmd/root.go:260.56,263.2 2 0
github.com/common-creation/coda/cmd/root.go:266.44,267.16 1 0
github.com/common-creation/coda/cmd/root.go:267.16,268.20 1 0
github.com/common-creation/coda/cmd/root.go:268.20,270.4 1 0
github.com/common-creation/coda/cmd/root.go:270.9,272.4 1 0
github.com/common-creation/coda/cmd/root.go:277.46,280.15 2 0
github.com/common-creation/coda/cmd/root.go:280.15,282.3 1 0
github.com/common-creation/coda/cmd/root.go:285.2,308.19 3 0
github.com/common-creation/coda/cmd/root.go:308.19,312.3 2 0
github.com/common-creation/coda/cmd/root.go:315.2,316.16 2 0
github.com/common-creation/coda/cmd/root.go:316.16,321.3 1 0
github.com/common-creation/coda/cmd/root.go:322.2,325.59 2 0
github.com/common-creation/coda/cmd/root.go:325.59,326.16 1 0
github.com/common-creation/coda/cmd/root.go:326.16,328.4 1 0
github.com/common-creation/coda/cmd/root.go:330.3,330.13 1 0
github.com/common-creation/coda/cmd/root.go:333.2,333.15 1 0
github.com/common-creation/coda/cmd/root.go:333.15,335.3 1 0
github.com/common-creation/coda/cmd/root.go:337.2,337.12 1 0
github.com/common-creation/coda/cmd/root.go:341.34,343.2 1 0
github.com/common-creation/coda/cmd/root.go:346.26,347.23 1 0
github.com/common-creation/coda/cmd/root.go:347.23,348.16 1 0
github.com/common-creation/coda/cmd/root.go:348.16,350.4 1 0
github.com/common-creation/coda/cmd/root.go:351.3,351.30 1 0
github.com/common-creation/coda/cmd/root.go:353.2,353.12 1 0
github.com/common-creation/coda/cmd/version.go:40.13,46.2 3 0
github.com/common-creation/coda/cmd/version.go:48.58,51.16 2 0
github.com/common-creation/coda/cmd/version.go:51.16,53.3 1 0
github.com/common-creation/coda/cmd/version.go:55.2,55.13 1 0
github.com/common-creation/coda/cmd/version.go:55.13,57.3 1 0
github.com/common-creation/coda/cmd/version.go:60.2,61.12 2 0
github.com/common-creation/coda/cmd/version.go:77.35,89.48 2 0
github.com/common-creation/coda/cmd/version.go:89.48,93.35 2 0
github.com/common-creation/coda/cmd/version.go:93.35,95.4 1 0
github.com/common-creation/coda/cmd/version.go:96.3,96.31 1 0
github.com/common-creation/coda/cmd/version.go:96.31,98.4 1 0
github.com/common-creation/coda/cmd/version.go:101.3,101.46 1 0
github.com/common-creation/coda/cmd/version.go:101.46,102.23 1 0
github.com/common-creation/coda/cmd/version.go:103.24,104.33 1 0
github.com/common-creation/coda/cmd/version.go:104.33,106.6 1 0
github.com/common-creation/coda/cmd/version.go:107.20,108.31 1 0
github.com/common-creation/coda/cmd/version.go:108.31,110.6 1 0
github.com/common-creation/coda/cmd/version.go:111.24,112.51 1 0
github.com/common-creation/coda/cmd/version.go:113.41,114.48 1 0
github.com/common-creation/coda/cmd/version.go:119.3,119.78 1 0
github.com/common-creation/coda/cmd/version.go:123.2,125.13 2 0
github.com/common-creation/coda/cmd/version.go:128.36,140.2 6 0
github.com/common-creation/coda/cmd/version.go:142.41,146.2 3 0
github.com/common-creation/coda/cmd/version.go:148.44,155.28 6 0
github.com/common-creation/coda/cmd/version.go:155.28,157.41 2 0
github.com/common-creation/coda/cmd/version.go:157.41,159.4 1 0
github.com/common-creation/coda/cmd/version.go:162.2,162.29 1 0
github.com/common-creation/coda/cmd/version.go:162.29,164.42 2 0
github.com/common-creation/coda/cmd/version.go:164.42,166.4 1 0
github.com/common-creation/coda/cmd/version.go:170.2,170.55 1 0
github.com/common-creation/coda/cmd/version.go:170.55,172.3 1 0
github.com/common-creation/coda/cmd/version.go:174.2,174.12 1 0
github.com/common-creation/coda/cmd/version.go:177.31,181.2 1 0
github.com/common-creation/coda/cmd/version.go:184.32,185.22 1 0
github.com/common-creation/coda/cmd/version.go:185.22,187.3 1 0
github.com/common-creation/coda/cmd/version.go:188.2,188.40 1 0
github.com/common-creation/coda/cmd/version.go:191.30,192.22 1 0
github.com/common-creation/coda/cmd/version.go:192.22,194.3 1 0
github.com/common-creation/coda/cmd/version.go:195.2,195.15 1 0
github.com/common-creation/coda/cmd/coda/main.go:14.13,20.2 2 0
github.com/common-creation/coda/internal/errors/handler.go:31.40,32.11 1 0
github.com/common-creation/coda/internal/errors/handler.go:33.17,34.16 1 0
github.com/common-creation/coda/internal/errors/handler.go:35.19,36.18 1 0
github.com/common-creation/coda/internal/errors/handler.go:37.20,38.19 1 0
github.com/common-creation/coda/internal/errors/handler.go:39.19,40.18 1 0
github.com/common-creation/coda/internal/errors/handler.go:41.21,42.20 1 0
github.com/common-creation/coda/internal/errors/handler.go:43.22,44.22 1 0
github.com/common-creation/coda/internal/errors/handler.go:45.10,46.19 1 0
github.com/common-creation/coda/internal/errors/handler.go:93.66,95.2 1 0
github.com/common-creation/coda/internal/errors/handler.go:97.65,99.2 1 0
github.com/common-creation/coda/internal/errors/handler.go:101.65,103.2 1 0
github.com/common-creation/coda/internal/errors/handler.go:105.66,107.2 1 0
github.com/common-creation/coda/internal/errors/handler.go:138.51,141.16 2 0
github.com/common-creation/coda/internal/errors/handler.go:141.16,143.3 1 0
github.com/common-creation/coda/internal/errors/handler.go:145.2,152.26 3 0
github.com/common-creation/coda/internal/errors/handler.go:152.26,155.51 2 0
github.com/common-creation/coda/internal/errors/handler.go:155.51,156.100 1 0
github.com/common-creation/coda/internal/errors/handler.go:156.100,158.5 1 0
github.com/common-creation/coda/internal/errors/handler.go:162.2,177.16 2 0
github.com/common-creation/coda/internal/errors/handler.go:181.26,182.17 1 0
github.com/common-creation/coda/internal/errors/handler.go:182.17,184.3 1 0
github.com/common-creation/coda/internal/errors/handler.go:188.26,189.26 1 0
github.com/common-creation/coda/internal/errors/handler.go:189.26,198.3 1 0
github.com/common-creation/coda/internal/errors/handler.go:199.2,199.22 1 0
github.com/common-creation/coda/internal/errors/handler.go:203.24,205.2 1 0
github.com/common-creation/coda/internal/errors/handler.go:208.87,210.2 1 0
github.com/common-creation/coda/internal/errors/handler.go:213.42,215.2 1 0
github.com/common-creation/coda/internal/errors/handler.go:218.105,219.16 1 0
github.com/common-creation/coda/internal/errors/handler.go:219.16,221.3 1 0
github.com/common-creation/coda/internal/errors/handler.go:223.2,234.27 6 0
github.com/common-creation/coda/internal/errors/handler.go:234.27,236.3 1 0
github.com/common-creation/coda/internal/errors/handler.go:239.2,245.39 3 0
github.com/common-creation/coda/internal/errors/handler.go:249.54,250.16 1 0
github.com/common-creation/coda/internal/errors/handler.go:250.16,252.3 1 0
github.com/common-creation/coda/internal/errors/handler.go:254.2,256.18 2 0
github.com/common-creation/coda/internal/errors/handler.go:257.17,258.32 1 0
github.com/common-creation/coda/internal/errors/handler.go:259.20,260.147 1 0
github.com/common-creation/coda/internal/errors/handler.go:261.19,262.138 1 0
github.com/common-creation/coda/internal/errors/handler.go:263.21,264.105 1 0
github.com/common-creation/coda/internal/errors/handler.go:265.22,266.37 1 0
github.com/common-creation/coda/internal/errors/handler.go:267.19,268.186 1 0
github.com/common-creation/coda/internal/errors/handler.go:269.10,270.117 1 0
github.com/common-creation/coda/internal/errors/handler.go:275.63,276.16 1 0
github.com/common-creation/coda/internal/errors/handler.go:276.16,278.3 1 0
github.com/common-creation/coda/internal/errors/handler.go:281.2,285.39 1 0
github.com/common-creation/coda/internal/errors/handler.go:285.39,287.3 1 0
github.com/common-creation/coda/internal/errors/handler.go:289.2,289.37 1 0
github.com/common-creation/coda/internal/errors/handler.go:289.37,291.18 2 0
github.com/common-creation/coda/internal/errors/handler.go:292.59,293.23 1 0
github.com/common-creation/coda/internal/errors/handler.go:294.11,295.25 1 0
github.com/common-creation/coda/internal/errors/handler.go:300.2,302.9 2 0
github.com/common-creation/coda/internal/errors/handler.go:306.41,307.23 1 0
github.com/common-creation/coda/internal/errors/handler.go:313.35,314.22 1 0
github.com/common-creation/coda/internal/errors/handler.go:319.48,320.21 1 0
github.com/common-creation/coda/internal/errors/handler.go:325.45,326.19 1 0
github.com/common-creation/coda/internal/errors/handler.go:328.10,329.21 1 0
github.com/common-creation/coda/internal/errors/handler.go:334.58,337.9 2 0
github.com/common-creation/coda/internal/errors/handler.go:338.94,339.114 1 0
github.com/common-creation/coda/internal/errors/handler.go:340.53,341.96 1 0
github.com/common-creation/coda/internal/errors/handler.go:342.97,343.96 1 0
github.com/common-creation/coda/internal/errors/handler.go:344.10,345.111 1 0
github.com/common-creation/coda/internal/errors/handler.go:350.63,351.42 1 0
github.com/common-creation/coda/internal/errors/handler.go:351.42,353.3 1 0
github.com/common-creation/coda/internal/errors/handler.go:354.2,354.37 1 0
github.com/common-creation/coda/internal/errors/handler.go:354.37,356.3 1 0
github.com/common-creation/coda/internal/errors/handler.go:357.2,357.33 1 0
github.com/common-creation/coda/internal/errors/handler.go:357.33,359.3 1 0
github.com/common-creation/coda/internal/errors/handler.go:360.2,360.41 1 0
github.com/common-creation/coda/internal/errors/handler.go:360.41,362.3 1 0
github.com/common-creation/coda/internal/errors/handler.go:363.2,363.41 1 0
github.com/common-creation/coda/internal/errors/handler.go:363.41,365.3 1 0
github.com/common-creation/coda/internal/errors/handler.go:366.2,366.118 1 0
github.com/common-creation/coda/internal/errors/handler.go:370.105,382.39 2 0
github.com/common-creation/coda/internal/errors/handler.go:382.39,384.3 1 0
github.com/common-creation/coda/internal/errors/handler.go:387.2,387.29 1 0
github.com/common-creation/coda/internal/errors/handler.go:387.29,389.3 1 0
github.com/common-creation/coda/internal/errors/handler.go:391.2,391.12 1 0
github.com/common-creation/coda/internal/errors/handler.go:395.57,403.6 6 0
github.com/common-creation/coda/internal/errors/handler.go:403.6,406.59 2 0
github.com/common-creation/coda/internal/errors/handler.go:406.59,412.4 1 0
github.com/common-creation/coda/internal/errors/handler.go:413.3,413.12 1 0
github.com/common-creation/coda/internal/errors/handler.go:413.12,414.9 1 0
github.com/common-creation/coda/internal/errors/handler.go:418.2,418.19 1 0
github.com/common-creation/coda/internal/errors/handler.go:422.87,431.25 2 0
github.com/common-creation/coda/internal/errors/handler.go:431.25,433.3 1 0
github.com/common-creation/coda/internal/errors/handler.go:436.2,436.33 1 0
github.com/common-creation/coda/internal/errors/handler.go:436.33,438.3 1 0
github.com/common-creation/coda/internal/errors/handler.go:440.2,440.18 1 0
github.com/common-creation/coda/internal/errors/handler.go:441.21,442.85 1 0
github.com/common-creation/coda/internal/errors/handler.go:443.19,444.83 1 0
github.com/common-creation/coda/internal/errors/handler.go:445.36,446.83 1 0
github.com/common-creation/coda/internal/errors/handler.go:447.19,448.89 1 0
github.com/common-creation/coda/internal/errors/handler.go:449.17,450.80 1 0
github.com/common-creation/coda/internal/errors/handler.go:451.10,452.84 1 0
github.com/common-creation/coda/internal/errors/handler.go:456.2,456.22 1 0
github.com/common-creation/coda/internal/errors/handler.go:456.22,465.3 3 0
github.com/common-creation/coda/internal/errors/handler.go:469.90,470.39 1 0
github.com/common-creation/coda/internal/errors/handler.go:470.39,471.95 1 0
github.com/common-creation/coda/internal/errors/handler.go:471.95,474.4 1 0
github.com/common-creation/coda/internal/errors/handler.go:479.94,480.18 1 0
github.com/common-creation/coda/internal/errors/handler.go:481.22,482.39 1 0
github.com/common-creation/coda/internal/errors/handler.go:483.20,484.37 1 0
github.com/common-creation/coda/internal/errors/handler.go:485.19,486.36 1 0
github.com/common-creation/coda/internal/errors/handler.go:491.79,492.37 1 0
github.com/common-creation/coda/internal/errors/handler.go:492.37,495.3 1 0
github.com/common-creation/coda/internal/errors/handler.go:499.77,502.2 1 0
github.com/common-creation/coda/internal/errors/handler.go:505.76,508.2 1 0
github.com/common-creation/coda/internal/errors/handler.go:511.60,515.2 3 0
github.com/common-creation/coda/internal/errors/handler.go:518.68,522.2 3 0
github.com/common-creation/coda/internal/errors/handler.go:525.69,528.31 3 0
github.com/common-creation/coda/internal/errors/handler.go:528.31,530.3 1 0
github.com/common-creation/coda/internal/errors/handler.go:531.2,531.33 1 0
github.com/common-creation/coda/internal/errors/handler.go:535.38,539.22 3 0
github.com/common-creation/coda/internal/errors/handler.go:539.22,541.3 1 0
github.com/common-creation/coda/internal/errors/handler.go:542.2,542.12 1 0
github.com/common-creation/coda/internal/errors/handler.go:548.58,552.2 2 0
github.com/common-creation/coda/internal/errors/handler.go:555.33,557.2 1 0
github.com/common-creation/coda/internal/errors/init.go:12.67,14.47 1 0
github.com/common-creation/coda/internal/errors/init.go:14.47,16.3 1 0
github.com/common-creation/coda/internal/errors/init.go:19.2,23.63 3 0
github.com/common-creation/coda/internal/errors/init.go:23.63,25.3 1 0
github.com/common-creation/coda/internal/errors/init.go:27.2,27.21 1 0
github.com/common-creation/coda/internal/errors/init.go:31.42,32.28 1 0
github.com/common-creation/coda/internal/errors/init.go:32.28,34.3 1 0
github.com/common-creation/coda/internal/errors/init.go:36.2,36.28 1 0
github.com/common-creation/coda/internal/errors/init.go:36.28,38.3 1 0
github.com/common-creation/coda/internal/errors/init.go:40.2,40.26 1 0
github.com/common-creation/coda/internal/errors/init.go:40.26,42.3 1 0
github.com/common-creation/coda/internal/errors/init.go:44.2,44.30 1 0
github.com/common-creation/coda/internal/errors/init.go:44.30,46.3 1 0
github.com/common-creation/coda/internal/errors/init.go:48.2,48.27 1 0
github.com/common-creation/coda/internal/errors/init.go:48.27,50.3 1 0
github.com/common-creation/coda/internal/errors/init.go:52.2,52.12 1 0
github.com/common-creation/coda/internal/errors/init.go:56.72,58.26 1 0
github.com/common-creation/coda/internal/errors/init.go:58.26,62.3 3 0
github.com/common-creation/coda/internal/errors/init.go:65.2,65.41 1 0
github.com/common-creation/coda/internal/errors/init.go:65.41,69.3 3 0
github.com/common-creation/coda/internal/errors/init.go:72.2,81.12 7 0
github.com/common-creation/coda/internal/errors/init.go:85.65,98.2 3 0
github.com/common-creation/coda/internal/errors/init.go:101.55,111.2 1 0
github.com/common-creation/coda/internal/errors/init.go:114.56,116.2 1 0
github.com/common-creation/coda/internal/errors/init.go:119.50,131.2 3 0
github.com/common-creation/coda/internal/errors/init.go:136.84,137.16 1 0
github.com/common-creation/coda/internal/errors/init.go:137.16,139.3 1 0
github.com/common-creation/coda/internal/errors/init.go:141.2,142.23 2 0
github.com/common-creation/coda/internal/errors/init.go:142.23,144.3 1 0
github.com/common-creation/coda/internal/errors/init.go:146.2,146.42 1 0
github.com/common-creation/coda/internal/errors/init.go:150.20,151.30 1 0
github.com/common-creation/coda/internal/errors/init.go:151.30,153.24 2 0
github.com/common-creation/coda/internal/errors/init.go:154.14,155.11 1 0
github.com/common-creation/coda/internal/errors/init.go:156.15,157.36 1 0
github.com/common-creation/coda/internal/errors/init.go:158.11,159.36 1 0
github.com/common-creation/coda/internal/errors/init.go:163.3,166.5 1 0
github.com/common-creation/coda/internal/errors/init.go:171.66,174.29 2 0
github.com/common-creation/coda/internal/errors/init.go:174.29,177.3 2 0
github.com/common-creation/coda/internal/errors/init.go:179.2,179.12 1 0
github.com/common-creation/coda/internal/errors/init.go:183.42,184.16 1 0
github.com/common-creation/coda/internal/errors/init.go:184.16,186.3 1 0
github.com/common-creation/coda/internal/errors/init.go:188.2,189.33 2 0
github.com/common-creation/coda/internal/errors/init.go:193.39,194.16 1 0
github.com/common-creation/coda/internal/errors/init.go:194.16,196.3 1 0
github.com/common-creation/coda/internal/errors/init.go:198.2,201.18 3 0
github.com/common-creation/coda/internal/errors/init.go:202.36,203.14 1 0
github.com/common-creation/coda/internal/errors/init.go:204.58,205.15 1 0
github.com/common-creation/coda/internal/errors/init.go:206.10,207.15 1 0
github.com/common-creation/coda/internal/errors/init.go:212.22,214.20 2 0
github.com/common-creation/coda/internal/errors/init.go:214.20,216.3 1 0
github.com/common-creation/coda/internal/errors/init.go:217.2,217.12 1 0
github.com/common-creation/coda/internal/errors/init.go:221.45,229.2 4 0
github.com/common-creation/coda/internal/errors/init.go:232.49,236.2 1 0
github.com/common-creation/coda/internal/errors/init.go:239.30,240.58 1 0
github.com/common-creation/coda/internal/errors/init.go:240.58,242.3 1 0
github.com/common-creation/coda/internal/errors/init.go:243.2,243.11 1 0
github.com/common-creation/coda/internal/errors/reporters.go:22.84,31.2 2 0
github.com/common-creation/coda/internal/errors/reporters.go:34.115,51.29 2 0
github.com/common-creation/coda/internal/errors/reporters.go:51.29,55.3 3 0
github.com/common-creation/coda/internal/errors/reporters.go:57.2,64.16 4 0
github.com/common-creation/coda/internal/errors/reporters.go:64.16,66.3 1 0
github.com/common-creation/coda/internal/errors/reporters.go:67.2,72.47 4 0
github.com/common-creation/coda/internal/errors/reporters.go:72.47,74.3 1 0
github.com/common-creation/coda/internal/errors/reporters.go:77.2,79.12 2 0
github.com/common-creation/coda/internal/errors/reporters.go:90.96,98.2 2 0
github.com/common-creation/coda/internal/errors/reporters.go:101.116,110.25 2 0
github.com/common-creation/coda/internal/errors/reporters.go:110.25,112.3 1 0
github.com/common-creation/coda/internal/errors/reporters.go:114.2,114.23 1 0
github.com/common-creation/coda/internal/errors/reporters.go:114.23,116.3 1 0
github.com/common-creation/coda/internal/errors/reporters.go:118.2,125.16 4 0
github.com/common-creation/coda/internal/errors/reporters.go:125.16,127.3 1 0
github.com/common-creation/coda/internal/errors/reporters.go:128.2,133.34 4 0
github.com/common-creation/coda/internal/errors/reporters.go:143.87,150.2 2 0
github.com/common-creation/coda/internal/errors/reporters.go:153.120,155.27 1 0
github.com/common-creation/coda/internal/errors/reporters.go:155.27,157.3 1 0
github.com/common-creation/coda/internal/errors/reporters.go:159.2,178.16 5 0
github.com/common-creation/coda/internal/errors/reporters.go:178.16,180.3 1 0
github.com/common-creation/coda/internal/errors/reporters.go:181.2,186.34 4 0
github.com/common-creation/coda/internal/errors/reporters.go:196.66,201.2 1 0
github.com/common-creation/coda/internal/errors/reporters.go:204.121,207.33 2 0
github.com/common-creation/coda/internal/errors/reporters.go:207.33,215.3 1 0
github.com/common-creation/coda/internal/errors/reporters.go:217.2,226.22 6 0
github.com/common-creation/coda/internal/errors/reporters.go:314.43,317.2 0 0
github.com/common-creation/coda/internal/errors/reporters.go:319.68,325.39 3 0
github.com/common-creation/coda/internal/errors/reporters.go:325.39,326.47 1 0
github.com/common-creation/coda/internal/errors/reporters.go:326.47,328.4 1 0
github.com/common-creation/coda/internal/errors/reporters.go:331.2,331.12 1 0
github.com/common-creation/coda/internal/errors/reporters.go:334.64,344.2 1 0
github.com/common-creation/coda/internal/errors/reporters.go:346.64,350.2 3 0
github.com/common-creation/coda/internal/errors/reporters.go:352.60,360.2 1 0
github.com/common-creation/coda/internal/errors/reporters.go:362.62,372.2 3 0
github.com/common-creation/coda/internal/errors/reporters.go:374.68,383.2 1 0
github.com/common-creation/coda/internal/errors/reporters.go:385.60,400.2 3 0
github.com/common-creation/coda/internal/errors/reporters.go:402.48,404.16 2 0
github.com/common-creation/coda/internal/errors/reporters.go:404.16,406.3 1 0
github.com/common-creation/coda/internal/errors/reporters.go:407.2,411.32 4 0
github.com/common-creation/coda/internal/errors/reporters.go:414.32,416.2 1 0
github.com/common-creation/coda/internal/chat/approval.go:53.83,61.32 1 0
github.com/common-creation/coda/internal/chat/approval.go:61.32,61.48 1 0
github.com/common-creation/coda/internal/chat/approval.go:67.133,72.16 3 0
github.com/common-creation/coda/internal/chat/approval.go:73.18,75.19 2 0
github.com/common-creation/coda/internal/chat/approval.go:76.19,78.20 2 0
github.com/common-creation/coda/internal/chat/approval.go:79.20,80.31 1 0
github.com/common-creation/coda/internal/chat/approval.go:80.31,82.4 1 0
github.com/common-creation/coda/internal/chat/approval.go:83.3,84.19 2 0
github.com/common-creation/coda/internal/chat/approval.go:85.19,86.50 1 0
github.com/common-creation/coda/internal/chat/approval.go:89.2,89.63 1 0
github.com/common-creation/coda/internal/chat/approval.go:93.71,98.51 3 0
github.com/common-creation/coda/internal/chat/approval.go:98.51,100.3 1 0
github.com/common-creation/coda/internal/chat/approval.go:103.2,103.32 1 0
github.com/common-creation/coda/internal/chat/approval.go:107.73,111.2 3 0
github.com/common-creation/coda/internal/chat/approval.go:114.69,118.2 3 0
github.com/common-creation/coda/internal/chat/approval.go:121.68,129.2 5 0
github.com/common-creation/coda/internal/chat/approval.go:132.77,136.2 3 0
github.com/common-creation/coda/internal/chat/approval.go:139.84,143.2 3 0
github.com/common-creation/coda/internal/chat/approval.go:146.91,150.38 3 0
github.com/common-creation/coda/internal/chat/approval.go:150.38,152.3 1 0
github.com/common-creation/coda/internal/chat/approval.go:153.2,153.43 1 0
github.com/common-creation/coda/internal/chat/approval.go:157.53,161.2 3 0
github.com/common-creation/coda/internal/chat/approval.go:164.68,168.2 3 0
github.com/common-creation/coda/internal/chat/approval.go:172.137,175.57 2 0
github.com/common-creation/coda/internal/chat/approval.go:175.57,176.66 1 0
github.com/common-creation/coda/internal/chat/approval.go:176.66,179.4 2 0
github.com/common-creation/coda/internal/chat/approval.go:183.2,183.47 1 0
github.com/common-creation/coda/internal/chat/approval.go:183.47,184.46 1 0
github.com/common-creation/coda/internal/chat/approval.go:184.46,185.34 1 0
github.com/common-creation/coda/internal/chat/approval.go:185.34,188.5 2 0
github.com/common-creation/coda/internal/chat/approval.go:193.2,197.16 3 0
github.com/common-creation/coda/internal/chat/approval.go:197.16,199.3 1 0
github.com/common-creation/coda/internal/chat/approval.go:202.2,202.35 1 0
github.com/common-creation/coda/internal/chat/approval.go:203.18,205.19 2 0
github.com/common-creation/coda/internal/chat/approval.go:206.17,208.20 2 0
github.com/common-creation/coda/internal/chat/approval.go:209.21,212.19 3 0
github.com/common-creation/coda/internal/chat/approval.go:213.15,216.20 3 0
github.com/common-creation/coda/internal/chat/approval.go:217.17,218.22 1 0
github.com/common-creation/coda/internal/chat/approval.go:218.22,222.4 3 0
github.com/common-creation/coda/internal/chat/approval.go:223.3,224.50 2 0
github.com/common-creation/coda/internal/chat/approval.go:225.10,227.50 2 0
github.com/common-creation/coda/internal/chat/approval.go:231.105,242.21 7 0
github.com/common-creation/coda/internal/chat/approval.go:242.21,244.34 2 0
github.com/common-creation/coda/internal/chat/approval.go:244.34,246.4 1 0
github.com/common-creation/coda/internal/chat/approval.go:250.2,251.18 2 0
github.com/common-creation/coda/internal/chat/approval.go:251.18,253.3 1 0
github.com/common-creation/coda/internal/chat/approval.go:255.2,257.26 3 0
github.com/common-creation/coda/internal/chat/approval.go:260.73,262.16 2 0
github.com/common-creation/coda/internal/chat/approval.go:262.16,264.3 1 0
github.com/common-creation/coda/internal/chat/approval.go:265.2,265.41 1 0
github.com/common-creation/coda/internal/chat/approval.go:268.127,282.37 3 0
github.com/common-creation/coda/internal/chat/approval.go:282.37,284.3 1 0
github.com/common-creation/coda/internal/chat/approval.go:287.73,289.30 2 0
github.com/common-creation/coda/internal/chat/approval.go:289.30,290.17 1 0
github.com/common-creation/coda/internal/chat/approval.go:290.17,292.4 1 0
github.com/common-creation/coda/internal/chat/approval.go:294.2,294.14 1 0
github.com/common-creation/coda/internal/chat/approval.go:297.72,299.29 2 0
github.com/common-creation/coda/internal/chat/approval.go:299.29,300.17 1 0
github.com/common-creation/coda/internal/chat/approval.go:300.17,302.4 1 0
github.com/common-creation/coda/internal/chat/approval.go:304.2,304.14 1 0
github.com/common-creation/coda/internal/chat/approval.go:307.71,308.14 1 0
github.com/common-creation/coda/internal/chat/approval.go:309.41,310.38 1 0
github.com/common-creation/coda/internal/chat/approval.go:311.33,312.38 1 0
github.com/common-creation/coda/internal/chat/approval.go:313.26,314.35 1 0
github.com/common-creation/coda/internal/chat/approval.go:315.10,316.41 1 0
github.com/common-creation/coda/internal/chat/approval.go:320.108,321.14 1 0
github.com/common-creation/coda/internal/chat/approval.go:322.20,323.51 1 0
github.com/common-creation/coda/internal/chat/approval.go:323.51,325.4 1 0
github.com/common-creation/coda/internal/chat/approval.go:326.19,327.51 1 0
github.com/common-creation/coda/internal/chat/approval.go:327.51,329.4 1 0
github.com/common-creation/coda/internal/chat/approval.go:330.21,331.51 1 0
github.com/common-creation/coda/internal/chat/approval.go:331.51,333.4 1 0
github.com/common-creation/coda/internal/chat/approval.go:335.2,335.11 1 0
github.com/common-creation/coda/internal/chat/approval.go:338.88,339.50 1 0
github.com/common-creation/coda/internal/chat/approval.go:339.50,341.3 1 0
github.com/common-creation/coda/internal/chat/approval.go:342.2,342.45 1 0
github.com/common-creation/coda/internal/chat/approval.go:342.45,344.3 1 0
github.com/common-creation/coda/internal/chat/approval.go:345.2,345.11 1 0
github.com/common-creation/coda/internal/chat/approval.go:348.75,351.2 1 0
github.com/common-creation/coda/internal/chat/approval.go:353.76,354.27 1 0
github.com/common-creation/coda/internal/chat/approval.go:355.14,356.19 1 0
github.com/common-creation/coda/internal/chat/approval.go:356.19,358.4 1 0
github.com/common-creation/coda/internal/chat/approval.go:359.3,359.11 1 0
github.com/common-creation/coda/internal/chat/approval.go:360.10,361.30 1 0
github.com/common-creation/coda/internal/chat/approval.go:365.79,367.59 1 0
github.com/common-creation/coda/internal/chat/approval.go:367.59,369.3 1 0
github.com/common-creation/coda/internal/chat/approval.go:370.2,370.11 1 0
github.com/common-creation/coda/internal/chat/context.go:75.76,82.2 1 0
github.com/common-creation/coda/internal/chat/context.go:85.55,89.2 3 0
github.com/common-creation/coda/internal/chat/context.go:92.51,96.2 3 0
github.com/common-creation/coda/internal/chat/context.go:99.82,104.16 4 0
github.com/common-creation/coda/internal/chat/context.go:104.16,106.3 1 0
github.com/common-creation/coda/internal/chat/context.go:108.2,109.13 2 0
github.com/common-creation/coda/internal/chat/context.go:109.13,116.3 2 0
github.com/common-creation/coda/internal/chat/context.go:118.2,121.22 3 0
github.com/common-creation/coda/internal/chat/context.go:121.22,126.35 3 0
github.com/common-creation/coda/internal/chat/context.go:126.35,128.4 1 0
github.com/common-creation/coda/internal/chat/context.go:132.2,132.28 1 0
github.com/common-creation/coda/internal/chat/context.go:136.71,144.45 5 0
github.com/common-creation/coda/internal/chat/context.go:144.45,146.3 1 0
github.com/common-creation/coda/internal/chat/context.go:149.2,149.37 1 0
github.com/common-creation/coda/internal/chat/context.go:153.61,159.2 4 0
github.com/common-creation/coda/internal/chat/context.go:162.57,166.2 3 0
github.com/common-creation/coda/internal/chat/context.go:169.84,179.27 5 0
github.com/common-creation/coda/internal/chat/context.go:179.27,181.3 1 0
github.com/common-creation/coda/internal/chat/context.go:184.2,185.28 2 0
github.com/common-creation/coda/internal/chat/context.go:185.28,187.3 1 0
github.com/common-creation/coda/internal/chat/context.go:190.2,190.29 1 0
github.com/common-creation/coda/internal/chat/context.go:190.29,192.27 2 0
github.com/common-creation/coda/internal/chat/context.go:192.27,194.4 1 0
github.com/common-creation/coda/internal/chat/context.go:195.3,195.40 1 0
github.com/common-creation/coda/internal/chat/context.go:199.2,200.27 2 0
github.com/common-creation/coda/internal/chat/context.go:200.27,202.3 1 0
github.com/common-creation/coda/internal/chat/context.go:204.2,204.16 1 0
github.com/common-creation/coda/internal/chat/context.go:208.42,214.2 4 0
github.com/common-creation/coda/internal/chat/context.go:217.59,229.2 4 0
github.com/common-creation/coda/internal/chat/context.go:232.60,243.56 4 0
github.com/common-creation/coda/internal/chat/context.go:243.56,245.3 1 0
github.com/common-creation/coda/internal/chat/context.go:247.2,252.12 5 0
github.com/common-creation/coda/internal/chat/context.go:257.51,260.39 2 0
github.com/common-creation/coda/internal/chat/context.go:260.39,270.34 5 0
github.com/common-creation/coda/internal/chat/context.go:270.34,272.4 1 0
github.com/common-creation/coda/internal/chat/context.go:275.3,275.48 1 0
github.com/common-creation/coda/internal/chat/context.go:275.48,276.33 1 0
github.com/common-creation/coda/internal/chat/context.go:276.33,278.10 2 0
github.com/common-creation/coda/internal/chat/context.go:282.3,282.33 1 0
github.com/common-creation/coda/internal/chat/context.go:286.74,288.39 2 0
github.com/common-creation/coda/internal/chat/context.go:288.39,290.3 1 0
github.com/common-creation/coda/internal/chat/context.go:293.2,293.40 1 0
github.com/common-creation/coda/internal/chat/context.go:293.40,295.3 1 0
github.com/common-creation/coda/internal/chat/context.go:297.2,297.24 1 0
github.com/common-creation/coda/internal/chat/context.go:297.24,299.3 1 0
github.com/common-creation/coda/internal/chat/context.go:301.2,301.14 1 0
github.com/common-creation/coda/internal/chat/context.go:304.70,308.39 2 0
github.com/common-creation/coda/internal/chat/context.go:308.39,309.48 1 0
github.com/common-creation/coda/internal/chat/context.go:309.48,310.33 1 0
github.com/common-creation/coda/internal/chat/context.go:310.33,317.5 1 0
github.com/common-creation/coda/internal/chat/context.go:322.2,322.38 1 0
github.com/common-creation/coda/internal/chat/context.go:322.38,323.40 1 0
github.com/common-creation/coda/internal/chat/context.go:323.40,329.4 1 0
github.com/common-creation/coda/internal/chat/context.go:333.2,333.41 1 0
github.com/common-creation/coda/internal/chat/context.go:333.41,337.3 3 0
github.com/common-creation/coda/internal/chat/context.go:339.2,339.21 1 0
github.com/common-creation/coda/internal/chat/context.go:339.21,341.3 1 0
github.com/common-creation/coda/internal/chat/context.go:343.2,343.15 1 0
github.com/common-creation/coda/internal/chat/context.go:346.74,348.47 1 0
github.com/common-creation/coda/internal/chat/context.go:348.47,349.103 1 0
github.com/common-creation/coda/internal/chat/context.go:349.103,350.41 1 0
github.com/common-creation/coda/internal/chat/context.go:350.41,351.57 1 0
github.com/common-creation/coda/internal/chat/context.go:351.57,353.6 1 0
github.com/common-creation/coda/internal/chat/context.go:360.54,368.47 2 0
github.com/common-creation/coda/internal/chat/context.go:368.47,372.73 3 0
github.com/common-creation/coda/internal/chat/context.go:372.73,374.4 1 0
github.com/common-creation/coda/internal/chat/context.go:378.2,378.53 1 0
github.com/common-creation/coda/internal/chat/context.go:378.53,382.85 3 0
github.com/common-creation/coda/internal/chat/context.go:382.85,384.4 1 0
github.com/common-creation/coda/internal/chat/context.go:388.2,388.57 1 0
github.com/common-creation/coda/internal/chat/context.go:388.57,391.3 2 0
github.com/common-creation/coda/internal/chat/context.go:391.8,391.62 1 0
github.com/common-creation/coda/internal/chat/context.go:391.62,394.3 2 0
github.com/common-creation/coda/internal/chat/context.go:397.2,397.51 1 0
github.com/common-creation/coda/internal/chat/context.go:397.51,400.3 2 0
github.com/common-creation/coda/internal/chat/context.go:403.2,404.33 2 0
github.com/common-creation/coda/internal/chat/context.go:404.33,405.42 1 0
github.com/common-creation/coda/internal/chat/context.go:405.42,407.4 1 0
github.com/common-creation/coda/internal/chat/context.go:410.2,410.13 1 0
github.com/common-creation/coda/internal/chat/context.go:415.31,418.2 2 0
github.com/common-creation/coda/internal/chat/context.go:420.43,423.2 1 0
github.com/common-creation/coda/internal/chat/context.go:425.49,428.2 1 0
github.com/common-creation/coda/internal/chat/handler.go:47.169,58.24 4 0
github.com/common-creation/coda/internal/chat/handler.go:58.24,60.30 2 0
github.com/common-creation/coda/internal/chat/handler.go:60.30,62.4 1 0
github.com/common-creation/coda/internal/chat/handler.go:66.2,66.23 1 0
github.com/common-creation/coda/internal/chat/handler.go:66.23,68.17 2 0
github.com/common-creation/coda/internal/chat/handler.go:68.17,69.34 1 0
github.com/common-creation/coda/internal/chat/handler.go:69.34,71.5 1 0
github.com/common-creation/coda/internal/chat/handler.go:75.2,87.16 3 0
github.com/common-creation/coda/internal/chat/handler.go:87.16,89.17 2 0
github.com/common-creation/coda/internal/chat/handler.go:89.17,91.4 1 0
github.com/common-creation/coda/internal/chat/handler.go:94.2,94.16 1 0
github.com/common-creation/coda/internal/chat/handler.go:98.132,101.17 2 0
github.com/common-creation/coda/internal/chat/handler.go:101.17,103.3 1 0
github.com/common-creation/coda/internal/chat/handler.go:106.2,106.35 1 0
github.com/common-creation/coda/internal/chat/handler.go:106.35,110.3 1 0
github.com/common-creation/coda/internal/chat/handler.go:113.2,114.27 2 0
github.com/common-creation/coda/internal/chat/handler.go:114.27,116.17 2 0
github.com/common-creation/coda/internal/chat/handler.go:116.17,118.4 1 0
github.com/common-creation/coda/internal/chat/handler.go:119.3,119.54 1 0
github.com/common-creation/coda/internal/chat/handler.go:123.2,128.77 2 0
github.com/common-creation/coda/internal/chat/handler.go:128.77,130.3 1 0
github.com/common-creation/coda/internal/chat/handler.go:133.2,146.38 3 0
github.com/common-creation/coda/internal/chat/handler.go:146.38,156.3 1 0
github.com/common-creation/coda/internal/chat/handler.go:159.2,160.16 2 0
github.com/common-creation/coda/internal/chat/handler.go:160.16,162.3 1 0
github.com/common-creation/coda/internal/chat/handler.go:163.2,181.22 11 0
github.com/common-creation/coda/internal/chat/handler.go:181.22,184.3 2 0
github.com/common-creation/coda/internal/chat/handler.go:186.2,187.6 2 0
github.com/common-creation/coda/internal/chat/handler.go:187.6,189.20 2 0
github.com/common-creation/coda/internal/chat/handler.go:189.20,192.24 2 0
github.com/common-creation/coda/internal/chat/handler.go:192.24,195.5 2 0
github.com/common-creation/coda/internal/chat/handler.go:196.4,196.9 1 0
github.com/common-creation/coda/internal/chat/handler.go:198.3,198.17 1 0
github.com/common-creation/coda/internal/chat/handler.go:198.17,200.4 1 0
github.com/common-creation/coda/internal/chat/handler.go:202.3,205.53 2 0
github.com/common-creation/coda/internal/chat/handler.go:205.53,209.27 2 0
github.com/common-creation/coda/internal/chat/handler.go:209.27,215.29 3 0
github.com/common-creation/coda/internal/chat/handler.go:215.29,217.72 1 0
github.com/common-creation/coda/internal/chat/handler.go:217.72,219.38 1 0
github.com/common-creation/coda/internal/chat/handler.go:219.38,221.84 1 0
github.com/common-creation/coda/internal/chat/handler.go:221.84,223.9 1 0
github.com/common-creation/coda/internal/chat/handler.go:226.11,229.48 2 0
github.com/common-creation/coda/internal/chat/handler.go:229.48,232.7 1 0
github.com/common-creation/coda/internal/chat/handler.go:236.5,239.28 2 0
github.com/common-creation/coda/internal/chat/handler.go:239.28,242.20 2 0
github.com/common-creation/coda/internal/chat/handler.go:242.20,246.7 2 0
github.com/common-creation/coda/internal/chat/handler.go:246.12,248.7 1 0
github.com/common-creation/coda/internal/chat/handler.go:251.6,252.26 2 0
github.com/common-creation/coda/internal/chat/handler.go:252.26,255.7 2 0
github.com/common-creation/coda/internal/chat/handler.go:259.5,265.25 5 0
github.com/common-creation/coda/internal/chat/handler.go:265.25,269.6 2 0
github.com/common-creation/coda/internal/chat/handler.go:272.5,272.29 1 0
github.com/common-creation/coda/internal/chat/handler.go:272.29,274.6 1 0
github.com/common-creation/coda/internal/chat/handler.go:285.2,290.39 4 0
github.com/common-creation/coda/internal/chat/handler.go:290.39,292.37 2 0
github.com/common-creation/coda/internal/chat/handler.go:292.37,311.26 3 0
github.com/common-creation/coda/internal/chat/handler.go:311.26,313.34 2 0
github.com/common-creation/coda/internal/chat/handler.go:313.34,322.6 1 0
github.com/common-creation/coda/internal/chat/handler.go:323.5,323.49 1 0
github.com/common-creation/coda/internal/chat/handler.go:327.4,327.64 1 0
github.com/common-creation/coda/internal/chat/handler.go:327.64,329.5 1 0
github.com/common-creation/coda/internal/chat/handler.go:334.2,337.26 3 0
github.com/common-creation/coda/internal/chat/handler.go:337.26,339.69 1 0
github.com/common-creation/coda/internal/chat/handler.go:339.69,341.28 1 0
github.com/common-creation/coda/internal/chat/handler.go:341.28,343.5 1 0
github.com/common-creation/coda/internal/chat/handler.go:344.4,344.35 1 0
github.com/common-creation/coda/internal/chat/handler.go:344.35,346.81 1 0
github.com/common-creation/coda/internal/chat/handler.go:346.81,348.6 1 0
github.com/common-creation/coda/internal/chat/handler.go:350.9,353.4 1 0
github.com/common-creation/coda/internal/chat/handler.go:354.8,358.30 3 0
github.com/common-creation/coda/internal/chat/handler.go:358.30,360.4 1 0
github.com/common-creation/coda/internal/chat/handler.go:364.2,371.73 2 0
github.com/common-creation/coda/internal/chat/handler.go:371.73,373.3 1 0
github.com/common-creation/coda/internal/chat/handler.go:376.2,376.26 1 0
github.com/common-creation/coda/internal/chat/handler.go:376.26,377.56 1 0
github.com/common-creation/coda/internal/chat/handler.go:377.56,378.61 1 0
github.com/common-creation/coda/internal/chat/handler.go:378.62,381.5 0 0
github.com/common-creation/coda/internal/chat/handler.go:386.2,386.24 1 0
github.com/common-creation/coda/internal/chat/handler.go:386.24,390.3 2 0
github.com/common-creation/coda/internal/chat/handler.go:393.2,393.33 1 0
github.com/common-creation/coda/internal/chat/handler.go:393.33,396.17 2 0
github.com/common-creation/coda/internal/chat/handler.go:396.17,399.4 1 0
github.com/common-creation/coda/internal/chat/handler.go:399.9,401.4 1 0
github.com/common-creation/coda/internal/chat/handler.go:402.3,402.55 1 0
github.com/common-creation/coda/internal/chat/handler.go:405.2,411.8 1 0
github.com/common-creation/coda/internal/chat/handler.go:415.68,420.16 3 0
github.com/common-creation/coda/internal/chat/handler.go:420.16,423.3 1 0
github.com/common-creation/coda/internal/chat/handler.go:426.2,427.27 2 0
github.com/common-creation/coda/internal/chat/handler.go:427.27,429.3 1 0
github.com/common-creation/coda/internal/chat/handler.go:432.2,433.22 2 0
github.com/common-creation/coda/internal/chat/handler.go:433.22,436.3 2 0
github.com/common-creation/coda/internal/chat/handler.go:439.2,445.39 2 0
github.com/common-creation/coda/internal/chat/handler.go:445.39,447.24 1 0
github.com/common-creation/coda/internal/chat/handler.go:447.24,449.4 1 0
github.com/common-creation/coda/internal/chat/handler.go:450.3,450.35 1 0
github.com/common-creation/coda/internal/chat/handler.go:453.2,453.17 1 0
github.com/common-creation/coda/internal/chat/handler.go:457.52,460.57 2 0
github.com/common-creation/coda/internal/chat/handler.go:460.57,462.3 1 0
github.com/common-creation/coda/internal/chat/handler.go:465.2,465.39 1 0
github.com/common-creation/coda/internal/chat/handler.go:465.39,467.58 2 0
github.com/common-creation/coda/internal/chat/handler.go:467.58,469.4 1 0
github.com/common-creation/coda/internal/chat/handler.go:472.2,472.11 1 0
github.com/common-creation/coda/internal/chat/handler.go:478.110,481.33 1 0
github.com/common-creation/coda/internal/chat/handler.go:481.33,483.3 1 0
github.com/common-creation/coda/internal/chat/handler.go:484.2,484.12 1 0
github.com/common-creation/coda/internal/chat/handler.go:488.54,490.2 1 0
github.com/common-creation/coda/internal/chat/handler.go:493.48,495.16 2 0
github.com/common-creation/coda/internal/chat/handler.go:495.16,497.3 1 0
github.com/common-creation/coda/internal/chat/handler.go:498.2,498.15 1 0
github.com/common-creation/coda/internal/chat/handler.go:502.48,507.27 3 0
github.com/common-creation/coda/internal/chat/handler.go:507.27,509.23 2 0
github.com/common-creation/coda/internal/chat/handler.go:509.23,512.4 2 0
github.com/common-creation/coda/internal/chat/handler.go:515.2,515.26 1 0
github.com/common-creation/coda/internal/chat/handler.go:519.75,527.62 3 0
github.com/common-creation/coda/internal/chat/handler.go:527.62,529.3 1 0
github.com/common-creation/coda/internal/chat/handler.go:532.2,532.27 1 0
github.com/common-creation/coda/internal/chat/handler.go:532.27,533.47 1 0
github.com/common-creation/coda/internal/chat/handler.go:533.47,535.4 1 0
github.com/common-creation/coda/internal/chat/handler.go:539.2,543.16 3 0
github.com/common-creation/coda/internal/chat/handler.go:543.16,548.3 3 0
github.com/common-creation/coda/internal/chat/handler.go:550.2,550.20 1 0
github.com/common-creation/coda/internal/chat/handler.go:554.69,556.27 2 0
github.com/common-creation/coda/internal/chat/handler.go:556.27,558.3 1 0
github.com/common-creation/coda/internal/chat/handler.go:559.2,559.57 1 0
github.com/common-creation/coda/internal/chat/handler.go:563.52,565.2 1 0
github.com/common-creation/coda/internal/chat/handler.go:568.48,570.16 2 0
github.com/common-creation/coda/internal/chat/handler.go:570.16,572.3 1 0
github.com/common-creation/coda/internal/chat/handler.go:575.2,575.56 1 0
github.com/common-creation/coda/internal/chat/handler.go:575.56,577.3 1 0
github.com/common-creation/coda/internal/chat/handler.go:579.2,579.12 1 0
github.com/common-creation/coda/internal/chat/handler.go:584.113,587.27 2 0
github.com/common-creation/coda/internal/chat/handler.go:587.27,589.3 1 0
github.com/common-creation/coda/internal/chat/handler.go:592.2,605.38 3 0
github.com/common-creation/coda/internal/chat/handler.go:605.38,615.3 1 0
github.com/common-creation/coda/internal/chat/handler.go:618.2,619.16 2 0
github.com/common-creation/coda/internal/chat/handler.go:619.16,621.3 1 0
github.com/common-creation/coda/internal/chat/handler.go:622.2,639.6 11 0
github.com/common-creation/coda/internal/chat/handler.go:639.6,641.20 2 0
github.com/common-creation/coda/internal/chat/handler.go:641.20,642.9 1 0
github.com/common-creation/coda/internal/chat/handler.go:644.3,644.17 1 0
github.com/common-creation/coda/internal/chat/handler.go:644.17,646.4 1 0
github.com/common-creation/coda/internal/chat/handler.go:648.3,651.53 2 0
github.com/common-creation/coda/internal/chat/handler.go:651.53,655.27 2 0
github.com/common-creation/coda/internal/chat/handler.go:655.27,661.29 3 0
github.com/common-creation/coda/internal/chat/handler.go:661.29,663.72 1 0
github.com/common-creation/coda/internal/chat/handler.go:663.72,665.38 1 0
github.com/common-creation/coda/internal/chat/handler.go:665.38,667.84 1 0
github.com/common-creation/coda/internal/chat/handler.go:667.84,669.9 1 0
github.com/common-creation/coda/internal/chat/handler.go:672.11,675.48 2 0
github.com/common-creation/coda/internal/chat/handler.go:675.48,678.7 1 0
github.com/common-creation/coda/internal/chat/handler.go:682.5,685.28 2 0
github.com/common-creation/coda/internal/chat/handler.go:685.28,688.20 2 0
github.com/common-creation/coda/internal/chat/handler.go:688.20,692.7 2 0
github.com/common-creation/coda/internal/chat/handler.go:692.12,694.7 1 0
github.com/common-creation/coda/internal/chat/handler.go:698.5,703.29 4 0
github.com/common-creation/coda/internal/chat/handler.go:703.29,705.6 1 0
github.com/common-creation/coda/internal/chat/handler.go:713.2,718.39 4 0
github.com/common-creation/coda/internal/chat/handler.go:718.39,720.37 2 0
github.com/common-creation/coda/internal/chat/handler.go:720.37,739.26 3 0
github.com/common-creation/coda/internal/chat/handler.go:739.26,741.34 2 0
github.com/common-creation/coda/internal/chat/handler.go:741.34,750.6 1 0
github.com/common-creation/coda/internal/chat/handler.go:751.5,751.49 1 0
github.com/common-creation/coda/internal/chat/handler.go:755.4,755.64 1 0
github.com/common-creation/coda/internal/chat/handler.go:755.64,757.5 1 0
github.com/common-creation/coda/internal/chat/handler.go:762.2,765.26 3 0
github.com/common-creation/coda/internal/chat/handler.go:765.26,767.69 1 0
github.com/common-creation/coda/internal/chat/handler.go:767.69,769.28 1 0
github.com/common-creation/coda/internal/chat/handler.go:769.28,771.5 1 0
github.com/common-creation/coda/internal/chat/handler.go:772.4,772.35 1 0
github.com/common-creation/coda/internal/chat/handler.go:772.35,774.81 1 0
github.com/common-creation/coda/internal/chat/handler.go:774.81,776.6 1 0
github.com/common-creation/coda/internal/chat/handler.go:778.9,781.4 1 0
github.com/common-creation/coda/internal/chat/handler.go:782.8,786.30 3 0
github.com/common-creation/coda/internal/chat/handler.go:786.30,788.4 1 0
github.com/common-creation/coda/internal/chat/handler.go:792.2,799.73 2 0
github.com/common-creation/coda/internal/chat/handler.go:799.73,801.3 1 0
github.com/common-creation/coda/internal/chat/handler.go:804.2,804.26 1 0
github.com/common-creation/coda/internal/chat/handler.go:804.26,805.56 1 0
github.com/common-creation/coda/internal/chat/handler.go:805.56,806.61 1 0
github.com/common-creation/coda/internal/chat/handler.go:806.62,808.5 0 0
github.com/common-creation/coda/internal/chat/handler.go:813.2,813.24 1 0
github.com/common-creation/coda/internal/chat/handler.go:813.24,817.3 2 0
github.com/common-creation/coda/internal/chat/handler.go:820.2,820.33 1 0
github.com/common-creation/coda/internal/chat/handler.go:820.33,823.17 2 0
github.com/common-creation/coda/internal/chat/handler.go:823.17,826.4 1 0
github.com/common-creation/coda/internal/chat/handler.go:826.9,828.4 1 0
github.com/common-creation/coda/internal/chat/handler.go:829.3,829.55 1 0
github.com/common-creation/coda/internal/chat/handler.go:832.2,837.8 1 0
github.com/common-creation/coda/internal/chat/handler.go:841.50,842.22 1 0
github.com/common-creation/coda/internal/chat/handler.go:842.22,844.3 1 0
github.com/common-creation/coda/internal/chat/handler.go:845.2,845.29 1 0
github.com/common-creation/coda/internal/chat/history.go:35.55,37.55 1 0
github.com/common-creation/coda/internal/chat/history.go:37.55,39.3 1 0
github.com/common-creation/coda/internal/chat/history.go:41.2,47.38 2 0
github.com/common-creation/coda/internal/chat/history.go:47.38,49.26 1 0
github.com/common-creation/coda/internal/chat/history.go:49.26,51.4 1 0
github.com/common-creation/coda/internal/chat/history.go:54.2,54.15 1 0
github.com/common-creation/coda/internal/chat/history.go:58.48,77.64 6 0
github.com/common-creation/coda/internal/chat/history.go:77.64,79.3 1 0
github.com/common-creation/coda/internal/chat/history.go:82.2,86.38 3 0
github.com/common-creation/coda/internal/chat/history.go:86.38,88.3 1 0
github.com/common-creation/coda/internal/chat/history.go:90.2,90.12 1 0
github.com/common-creation/coda/internal/chat/history.go:94.53,100.31 4 0
github.com/common-creation/coda/internal/chat/history.go:100.31,101.17 1 0
github.com/common-creation/coda/internal/chat/history.go:101.17,103.9 2 0
github.com/common-creation/coda/internal/chat/history.go:107.2,107.12 1 0
github.com/common-creation/coda/internal/chat/history.go:107.12,109.3 1 0
github.com/common-creation/coda/internal/chat/history.go:112.2,114.16 3 0
github.com/common-creation/coda/internal/chat/history.go:114.16,116.3 1 0
github.com/common-creation/coda/internal/chat/history.go:118.2,118.21 1 0
github.com/common-creation/coda/internal/chat/history.go:122.66,128.68 4 0
github.com/common-creation/coda/internal/chat/history.go:128.68,132.17 4 0
github.com/common-creation/coda/internal/chat/history.go:132.17,134.4 1 0
github.com/common-creation/coda/internal/chat/history.go:137.2,139.37 2 0
github.com/common-creation/coda/internal/chat/history.go:139.37,141.19 1 0
github.com/common-creation/coda/internal/chat/history.go:141.19,142.40 1 0
github.com/common-creation/coda/internal/chat/history.go:142.40,144.13 2 0
github.com/common-creation/coda/internal/chat/history.go:146.9,147.80 1 0
github.com/common-creation/coda/internal/chat/history.go:147.80,149.13 2 0
github.com/common-creation/coda/internal/chat/history.go:154.3,154.36 1 0
github.com/common-creation/coda/internal/chat/history.go:154.36,155.20 1 0
github.com/common-creation/coda/internal/chat/history.go:155.20,156.31 1 0
github.com/common-creation/coda/internal/chat/history.go:156.31,158.11 2 0
github.com/common-creation/coda/internal/chat/history.go:160.10,161.71 1 0
github.com/common-creation/coda/internal/chat/history.go:161.71,163.11 2 0
github.com/common-creation/coda/internal/chat/history.go:169.2,169.21 1 0
github.com/common-creation/coda/internal/chat/history.go:173.76,179.37 4 0
github.com/common-creation/coda/internal/chat/history.go:179.37,180.70 1 0
github.com/common-creation/coda/internal/chat/history.go:180.70,182.4 1 0
github.com/common-creation/coda/internal/chat/history.go:186.2,186.42 1 0
github.com/common-creation/coda/internal/chat/history.go:186.42,188.3 1 0
github.com/common-creation/coda/internal/chat/history.go:190.2,190.16 1 0
github.com/common-creation/coda/internal/chat/history.go:194.64,200.37 4 0
github.com/common-creation/coda/internal/chat/history.go:200.37,203.34 2 0
github.com/common-creation/coda/internal/chat/history.go:203.34,205.44 2 0
github.com/common-creation/coda/internal/chat/history.go:205.44,206.32 1 0
github.com/common-creation/coda/internal/chat/history.go:206.32,208.11 2 0
github.com/common-creation/coda/internal/chat/history.go:211.4,211.14 1 0
github.com/common-creation/coda/internal/chat/history.go:211.14,213.10 2 0
github.com/common-creation/coda/internal/chat/history.go:217.3,217.17 1 0
github.com/common-creation/coda/internal/chat/history.go:217.17,219.4 1 0
github.com/common-creation/coda/internal/chat/history.go:222.2,222.16 1 0
github.com/common-creation/coda/internal/chat/history.go:226.43,234.31 5 0
github.com/common-creation/coda/internal/chat/history.go:234.31,235.17 1 0
github.com/common-creation/coda/internal/chat/history.go:235.17,238.4 2 0
github.com/common-creation/coda/internal/chat/history.go:238.9,240.4 1 0
github.com/common-creation/coda/internal/chat/history.go:243.2,243.12 1 0
github.com/common-creation/coda/internal/chat/history.go:243.12,245.3 1 0
github.com/common-creation/coda/internal/chat/history.go:247.2,251.70 3 0
github.com/common-creation/coda/internal/chat/history.go:251.70,253.3 1 0
github.com/common-creation/coda/internal/chat/history.go:256.2,256.38 1 0
github.com/common-creation/coda/internal/chat/history.go:256.38,258.3 1 0
github.com/common-creation/coda/internal/chat/history.go:260.2,260.12 1 0
github.com/common-creation/coda/internal/chat/history.go:264.57,268.16 3 0
github.com/common-creation/coda/internal/chat/history.go:269.14,270.41 1 0
github.com/common-creation/coda/internal/chat/history.go:271.13,272.23 1 0
github.com/common-creation/coda/internal/chat/history.go:273.10,274.66 1 0
github.com/common-creation/coda/internal/chat/history.go:279.57,287.41 5 0
github.com/common-creation/coda/internal/chat/history.go:287.41,289.3 1 0
github.com/common-creation/coda/internal/chat/history.go:292.2,292.38 1 0
github.com/common-creation/coda/internal/chat/history.go:292.38,294.3 1 0
github.com/common-creation/coda/internal/chat/history.go:296.2,296.15 1 0
github.com/common-creation/coda/internal/chat/history.go:300.58,301.32 1 0
github.com/common-creation/coda/internal/chat/history.go:301.32,303.3 1 0
github.com/common-creation/coda/internal/chat/history.go:306.2,306.39 1 0
github.com/common-creation/coda/internal/chat/history.go:306.39,307.25 1 0
github.com/common-creation/coda/internal/chat/history.go:307.25,310.24 2 0
github.com/common-creation/coda/internal/chat/history.go:310.24,312.5 1 0
github.com/common-creation/coda/internal/chat/history.go:314.4,315.16 2 0
github.com/common-creation/coda/internal/chat/history.go:319.2,319.50 1 0
github.com/common-creation/coda/internal/chat/history.go:323.58,327.52 2 0
github.com/common-creation/coda/internal/chat/history.go:327.52,328.44 1 0
github.com/common-creation/coda/internal/chat/history.go:328.44,330.4 1 0
github.com/common-creation/coda/internal/chat/history.go:335.2,335.39 1 0
github.com/common-creation/coda/internal/chat/history.go:335.39,339.42 2 0
github.com/common-creation/coda/internal/chat/history.go:339.42,341.4 1 0
github.com/common-creation/coda/internal/chat/history.go:342.3,342.81 1 0
github.com/common-creation/coda/internal/chat/history.go:342.81,344.4 1 0
github.com/common-creation/coda/internal/chat/history.go:345.3,345.78 1 0
github.com/common-creation/coda/internal/chat/history.go:345.78,347.4 1 0
github.com/common-creation/coda/internal/chat/history.go:350.3,350.41 1 0
github.com/common-creation/coda/internal/chat/history.go:350.41,352.4 1 0
github.com/common-creation/coda/internal/chat/history.go:353.3,353.77 1 0
github.com/common-creation/coda/internal/chat/history.go:353.77,355.4 1 0
github.com/common-creation/coda/internal/chat/history.go:356.3,356.40 1 0
github.com/common-creation/coda/internal/chat/history.go:356.40,358.4 1 0
github.com/common-creation/coda/internal/chat/history.go:361.2,361.13 1 0
github.com/common-creation/coda/internal/chat/history.go:365.56,366.26 1 0
github.com/common-creation/coda/internal/chat/history.go:366.26,367.15 1 0
github.com/common-creation/coda/internal/chat/history.go:367.15,369.4 1 0
github.com/common-creation/coda/internal/chat/history.go:371.2,371.27 1 0
github.com/common-creation/coda/internal/chat/history.go:375.72,377.16 2 0
github.com/common-creation/coda/internal/chat/history.go:377.16,379.3 1 0
github.com/common-creation/coda/internal/chat/history.go:380.2,388.32 6 0
github.com/common-creation/coda/internal/chat/history.go:392.66,394.16 2 0
github.com/common-creation/coda/internal/chat/history.go:394.16,396.3 1 0
github.com/common-creation/coda/internal/chat/history.go:397.2,400.16 3 0
github.com/common-creation/coda/internal/chat/history.go:400.16,402.3 1 0
github.com/common-creation/coda/internal/chat/history.go:403.2,408.49 4 0
github.com/common-creation/coda/internal/chat/history.go:408.49,410.3 1 0
github.com/common-creation/coda/internal/chat/history.go:412.2,412.22 1 0
github.com/common-creation/coda/internal/chat/history.go:416.37,420.16 3 0
github.com/common-creation/coda/internal/chat/history.go:420.16,422.3 1 0
github.com/common-creation/coda/internal/chat/history.go:424.2,424.44 1 0
github.com/common-creation/coda/internal/chat/history.go:428.37,432.16 3 0
github.com/common-creation/coda/internal/chat/history.go:432.16,434.3 1 0
github.com/common-creation/coda/internal/chat/history.go:436.2,436.32 1 0
github.com/common-creation/coda/internal/chat/history.go:440.47,447.31 3 0
github.com/common-creation/coda/internal/chat/history.go:447.31,456.3 1 0
github.com/common-creation/coda/internal/chat/history.go:458.2,458.38 1 0
github.com/common-creation/coda/internal/chat/persistence.go:33.111,35.52 1 0
github.com/common-creation/coda/internal/chat/persistence.go:35.52,37.3 1 0
github.com/common-creation/coda/internal/chat/persistence.go:40.2,41.27 2 0
github.com/common-creation/coda/internal/chat/persistence.go:41.27,43.49 2 0
github.com/common-creation/coda/internal/chat/persistence.go:43.49,45.4 1 0
github.com/common-creation/coda/internal/chat/persistence.go:48.2,52.8 1 0
github.com/common-creation/coda/internal/chat/persistence.go:56.64,61.40 3 0
github.com/common-creation/coda/internal/chat/persistence.go:61.40,63.3 1 0
github.com/common-creation/coda/internal/chat/persistence.go:66.2,71.16 4 0
github.com/common-creation/coda/internal/chat/persistence.go:71.16,73.3 1 0
github.com/common-creation/coda/internal/chat/persistence.go:74.2,80.48 4 0
github.com/common-creation/coda/internal/chat/persistence.go:80.48,83.3 2 0
github.com/common-creation/coda/internal/chat/persistence.go:86.2,86.41 1 0
github.com/common-creation/coda/internal/chat/persistence.go:86.41,88.3 1 0
github.com/common-creation/coda/internal/chat/persistence.go:91.2,92.16 2 0
github.com/common-creation/coda/internal/chat/persistence.go:92.16,94.3 1 0
github.com/common-creation/coda/internal/chat/persistence.go:97.2,106.62 2 0
github.com/common-creation/coda/internal/chat/persistence.go:106.62,108.3 1 0
github.com/common-creation/coda/internal/chat/persistence.go:111.2,111.46 1 0
github.com/common-creation/coda/internal/chat/persistence.go:111.46,113.60 2 0
github.com/common-creation/coda/internal/chat/persistence.go:113.60,116.4 1 0
github.com/common-creation/coda/internal/chat/persistence.go:120.2,120.55 1 0
github.com/common-creation/coda/internal/chat/persistence.go:120.55,122.3 1 0
github.com/common-creation/coda/internal/chat/persistence.go:124.2,124.12 1 0
github.com/common-creation/coda/internal/chat/persistence.go:128.69,135.56 4 0
github.com/common-creation/coda/internal/chat/persistence.go:135.56,137.3 1 0
github.com/common-creation/coda/internal/chat/persistence.go:140.2,141.16 2 0
github.com/common-creation/coda/internal/chat/persistence.go:141.16,144.3 1 0
github.com/common-creation/coda/internal/chat/persistence.go:147.2,148.16 2 0
github.com/common-creation/coda/internal/chat/persistence.go:148.16,150.3 1 0
github.com/common-creation/coda/internal/chat/persistence.go:151.2,157.49 4 0
github.com/common-creation/coda/internal/chat/persistence.go:157.49,159.3 1 0
github.com/common-creation/coda/internal/chat/persistence.go:162.2,162.21 1 0
github.com/common-creation/coda/internal/chat/persistence.go:162.21,164.50 2 0
github.com/common-creation/coda/internal/chat/persistence.go:164.50,166.69 1 0
github.com/common-creation/coda/internal/chat/persistence.go:166.69,168.5 1 0
github.com/common-creation/coda/internal/chat/persistence.go:169.4,169.72 1 0
github.com/common-creation/coda/internal/chat/persistence.go:173.2,173.22 1 0
github.com/common-creation/coda/internal/chat/persistence.go:177.61,184.16 5 0
github.com/common-creation/coda/internal/chat/persistence.go:184.16,186.3 1 0
github.com/common-creation/coda/internal/chat/persistence.go:188.2,189.32 2 0
github.com/common-creation/coda/internal/chat/persistence.go:189.32,190.62 1 0
github.com/common-creation/coda/internal/chat/persistence.go:190.62,194.4 2 0
github.com/common-creation/coda/internal/chat/persistence.go:197.2,197.24 1 0
github.com/common-creation/coda/internal/chat/persistence.go:201.59,207.48 4 0
github.com/common-creation/coda/internal/chat/persistence.go:207.48,209.62 2 0
github.com/common-creation/coda/internal/chat/persistence.go:209.62,212.4 1 0
github.com/common-creation/coda/internal/chat/persistence.go:216.2,216.70 1 0
github.com/common-creation/coda/internal/chat/persistence.go:216.70,218.3 1 0
github.com/common-creation/coda/internal/chat/persistence.go:221.2,222.71 2 0
github.com/common-creation/coda/internal/chat/persistence.go:222.71,225.3 1 0
github.com/common-creation/coda/internal/chat/persistence.go:227.2,227.12 1 0
github.com/common-creation/coda/internal/chat/persistence.go:241.84,245.16 3 0
github.com/common-creation/coda/internal/chat/persistence.go:245.16,247.3 1 0
github.com/common-creation/coda/internal/chat/persistence.go:249.2,249.47 1 0
github.com/common-creation/coda/internal/chat/persistence.go:253.78,257.16 3 0
github.com/common-creation/coda/internal/chat/persistence.go:257.16,259.3 1 0
github.com/common-creation/coda/internal/chat/persistence.go:261.2,262.56 2 0
github.com/common-creation/coda/internal/chat/persistence.go:262.56,264.3 1 0
github.com/common-creation/coda/internal/chat/persistence.go:266.2,266.23 1 0
github.com/common-creation/coda/internal/chat/persistence.go:270.75,272.16 2 0
github.com/common-creation/coda/internal/chat/persistence.go:272.16,274.3 1 0
github.com/common-creation/coda/internal/chat/persistence.go:275.2,278.47 3 0
github.com/common-creation/coda/internal/chat/persistence.go:278.47,280.3 1 0
github.com/common-creation/coda/internal/chat/persistence.go:282.2,282.47 1 0
github.com/common-creation/coda/internal/chat/persistence.go:286.60,288.16 2 0
github.com/common-creation/coda/internal/chat/persistence.go:288.16,290.3 1 0
github.com/common-creation/coda/internal/chat/persistence.go:291.2,294.16 3 0
github.com/common-creation/coda/internal/chat/persistence.go:294.16,296.3 1 0
github.com/common-creation/coda/internal/chat/persistence.go:297.2,300.12 3 0
github.com/common-creation/coda/internal/chat/persistence.go:304.75,308.16 3 0
github.com/common-creation/coda/internal/chat/persistence.go:308.16,310.3 1 0
github.com/common-creation/coda/internal/chat/persistence.go:313.2,316.32 3 0
github.com/common-creation/coda/internal/chat/persistence.go:316.32,317.64 1 0
github.com/common-creation/coda/internal/chat/persistence.go:317.64,319.18 2 0
github.com/common-creation/coda/internal/chat/persistence.go:319.18,320.13 1 0
github.com/common-creation/coda/internal/chat/persistence.go:323.4,323.42 1 0
github.com/common-creation/coda/internal/chat/persistence.go:323.42,326.5 2 0
github.com/common-creation/coda/internal/chat/persistence.go:330.2,330.24 1 0
github.com/common-creation/coda/internal/chat/persistence.go:330.24,332.3 1 0
github.com/common-creation/coda/internal/chat/persistence.go:335.2,337.16 3 0
github.com/common-creation/coda/internal/chat/persistence.go:337.16,339.3 1 0
github.com/common-creation/coda/internal/chat/persistence.go:340.2,345.49 4 0
github.com/common-creation/coda/internal/chat/persistence.go:345.49,347.3 1 0
github.com/common-creation/coda/internal/chat/persistence.go:349.2,350.22 2 0
github.com/common-creation/coda/internal/chat/persistence.go:354.66,361.16 5 0
github.com/common-creation/coda/internal/chat/persistence.go:361.16,363.3 1 0
github.com/common-creation/coda/internal/chat/persistence.go:365.2,365.30 1 0
github.com/common-creation/coda/internal/chat/persistence.go:365.30,367.17 2 0
github.com/common-creation/coda/internal/chat/persistence.go:367.17,369.12 1 0
github.com/common-creation/coda/internal/chat/persistence.go:372.3,374.17 3 0
github.com/common-creation/coda/internal/chat/persistence.go:374.17,376.12 2 0
github.com/common-creation/coda/internal/chat/persistence.go:379.3,379.36 1 0
github.com/common-creation/coda/internal/chat/persistence.go:379.36,381.4 1 0
github.com/common-creation/coda/internal/chat/persistence.go:384.2,384.31 1 0
github.com/common-creation/coda/internal/chat/persistence.go:388.71,395.16 5 0
github.com/common-creation/coda/internal/chat/persistence.go:395.16,397.3 1 0
github.com/common-creation/coda/internal/chat/persistence.go:399.2,401.32 2 0
github.com/common-creation/coda/internal/chat/persistence.go:401.32,402.21 1 0
github.com/common-creation/coda/internal/chat/persistence.go:402.21,404.18 2 0
github.com/common-creation/coda/internal/chat/persistence.go:404.18,405.13 1 0
github.com/common-creation/coda/internal/chat/persistence.go:408.4,408.37 1 0
github.com/common-creation/coda/internal/chat/persistence.go:408.37,410.43 2 0
github.com/common-creation/coda/internal/chat/persistence.go:410.43,413.6 1 0
github.com/common-creation/coda/internal/chat/persistence.go:418.2,418.12 1 0
github.com/common-creation/coda/internal/chat/persistence.go:422.46,425.16 2 0
github.com/common-creation/coda/internal/chat/persistence.go:425.16,427.3 1 0
github.com/common-creation/coda/internal/chat/persistence.go:430.2,435.16 4 0
[...]
github.com/common-creation/coda/internal/mcp/http_transport.go:163.2,164.16 2 7
github.com/common-creation/coda/internal/mcp/http_transport.go:164.16,166.3 1 1
github.com/common-creation/coda/internal/mcp/http_transport.go:167.2,170.53 2 6
github.com/common-creation/coda/internal/mcp/http_transport.go:170.53,177.3 2 0
github.com/common-creation/coda/internal/mcp/http_transport.go:180.2,181.16 2 6
github.com/common-creation/coda/internal/mcp/http_transport.go:181.16,183.3 1 0
github.com/common-creation/coda/internal/mcp/http_transport.go:186.2,187.71 2 6
github.com/common-creation/coda/internal/mcp/http_transport.go:187.71,189.3 1 0
github.com/common-creation/coda/internal/mcp/http_transport.go:192.2,192.58 1 6
github.com/common-creation/coda/internal/mcp/http_transport.go:192.58,194.58 2 1
github.com/common-creation/coda/internal/mcp/http_transport.go:194.58,195.49 1 1
github.com/common-creation/coda/internal/mcp/http_transport.go:195.49,197.5 1 1
github.com/common-creation/coda/internal/mcp/http_transport.go:199.3,199.90 1 1
github.com/common-creation/coda/internal/mcp/http_transport.go:203.2,203.57 1 5
github.com/common-creation/coda/internal/mcp/http_transport.go:203.57,205.3 1 4
github.com/common-creation/coda/internal/mcp/http_transport.go:207.2,207.17 1 1
github.com/common-creation/coda/internal/mcp/http_transport.go:211.52,213.2 1 7
github.com/common-creation/coda/internal/mcp/http_transport.go:216.59,220.2 3 1
github.com/common-creation/coda/internal/mcp/http_transport.go:223.63,226.28 3 1
github.com/common-creation/coda/internal/mcp/http_transport.go:226.28,228.3 1 2
github.com/common-creation/coda/internal/mcp/http_transport.go:232.59,241.2 3 1
github.com/common-creation/coda/internal/mcp/manager.go:35.49,36.19 1 5
github.com/common-creation/coda/internal/mcp/manager.go:36.19,38.3 1 1
github.com/common-creation/coda/internal/mcp/manager.go:40.2,43.3 1 5
github.com/common-creation/coda/internal/mcp/manager.go:47.55,54.21 4 4
github.com/common-creation/coda/internal/mcp/manager.go:54.21,56.3 1 0
github.com/common-creation/coda/internal/mcp/manager.go:58.2,59.16 2 4
github.com/common-creation/coda/internal/mcp/manager.go:59.16,61.3 1 1
github.com/common-creation/coda/internal/mcp/manager.go:63.2,68.12 4 3
github.com/common-creation/coda/internal/mcp/manager.go:72.53,76.21 3 2
github.com/common-creation/coda/internal/mcp/manager.go:76.21,78.3 1 1
github.com/common-creation/coda/internal/mcp/manager.go:80.2,81.13 2 1
github.com/common-creation/coda/internal/mcp/manager.go:81.13,83.3 1 1
github.com/common-creation/coda/internal/mcp/manager.go:86.2,86.49 1 0
github.com/common-creation/coda/internal/mcp/manager.go:86.49,91.54 4 0
github.com/common-creation/coda/internal/mcp/manager.go:91.54,93.4 1 0
github.com/common-creation/coda/internal/mcp/manager.go:97.2,118.12 6 0
github.com/common-creation/coda/internal/mcp/manager.go:122.52,127.13 4 0
github.com/common-creation/coda/internal/mcp/manager.go:127.13,129.3 1 0
github.com/common-creation/coda/internal/mcp/manager.go:132.2,132.28 1 0
github.com/common-creation/coda/internal/mcp/manager.go:132.28,134.3 1 0
github.com/common-creation/coda/internal/mcp/manager.go:137.2,146.31 6 0
github.com/common-creation/coda/internal/mcp/manager.go:146.31,147.52 1 0
github.com/common-creation/coda/internal/mcp/manager.go:147.52,149.4 1 0
github.com/common-creation/coda/internal/mcp/manager.go:152.2,156.12 3 0
github.com/common-creation/coda/internal/mcp/manager.go:160.55,161.43 1 0
github.com/common-creation/coda/internal/mcp/manager.go:161.43,164.3 1 0
github.com/common-creation/coda/internal/mcp/manager.go:167.2,169.28 2 0
github.com/common-creation/coda/internal/mcp/manager.go:173.39,174.21 1 0
github.com/common-creation/coda/internal/mcp/manager.go:174.21,176.3 1 0
github.com/common-creation/coda/internal/mcp/manager.go:178.2,179.37 2 0
github.com/common-creation/coda/internal/mcp/manager.go:179.37,180.45 1 0
github.com/common-creation/coda/internal/mcp/manager.go:180.45,182.4 1 0
github.com/common-creation/coda/internal/mcp/manager.go:185.2,185.21 1 0
github.com/common-creation/coda/internal/mcp/manager.go:185.21,187.3 1 0
github.com/common-creation/coda/internal/mcp/manager.go:189.2,189.12 1 0
github.com/common-creation/coda/internal/mcp/manager.go:193.38,196.30 3 0
github.com/common-creation/coda/internal/mcp/manager.go:196.30,198.3 1 0
github.com/common-creation/coda/internal/mcp/manager.go:199.2,202.35 3 0
github.com/common-creation/coda/internal/mcp/manager.go:202.35,203.44 1 0
github.com/common-creation/coda/internal/mcp/manager.go:203.44,205.4 1 0
github.com/common-creation/coda/internal/mcp/manager.go:208.2,208.21 1 0
github.com/common-creation/coda/internal/mcp/manager.go:208.21,210.3 1 0
github.com/common-creation/coda/internal/mcp/manager.go:212.2,212.12 1 0
github.com/common-creation/coda/internal/mcp/manager.go:216.64,220.49 3 0
github.com/common-creation/coda/internal/mcp/manager.go:220.49,224.3 3 0
github.com/common-creation/coda/internal/mcp/manager.go:227.2,230.3 1 0
github.com/common-creation/coda/internal/mcp/manager.go:234.63,241.40 4 1
github.com/common-creation/coda/internal/mcp/manager.go:241.40,245.3 3 0
github.com/common-creation/coda/internal/mcp/manager.go:248.2,248.21 1 1
github.com/common-creation/coda/internal/mcp/manager.go:248.21,249.38 1 1
github.com/common-creation/coda/internal/mcp/manager.go:249.38,250.44 1 2
github.com/common-creation/coda/internal/mcp/manager.go:250.44,255.5 1 2
github.com/common-creation/coda/internal/mcp/manager.go:259.2,259.17 1 1
github.com/common-creation/coda/internal/mcp/manager.go:263.54,267.2 2 0
github.com/common-creation/coda/internal/mcp/manager.go:270.62,274.2 2 0
github.com/common-creation/coda/internal/mcp/manager.go:277.58,281.2 2 0
github.com/common-creation/coda/internal/mcp/manager.go:284.115,288.2 2 0
github.com/common-creation/coda/internal/mcp/manager.go:291.86,292.15 1 0
github.com/common-creation/coda/internal/mcp/manager.go:292.15,293.31 1 0
github.com/common-creation/coda/internal/mcp/manager.go:293.31,300.4 6 0
github.com/common-creation/coda/internal/mcp/manager.go:304.2,305.16 2 0
github.com/common-creation/coda/internal/mcp/manager.go:305.16,313.3 7 0
github.com/common-creation/coda/internal/mcp/manager.go:315.2,320.47 4 0
github.com/common-creation/coda/internal/mcp/manager.go:320.47,328.3 7 0
github.com/common-creation/coda/internal/mcp/manager.go:331.2,346.42 9 0
github.com/common-creation/coda/internal/mcp/manager.go:346.42,348.3 1 0
github.com/common-creation/coda/internal/mcp/manager.go:352.67,356.2 3 0
github.com/common-creation/coda/internal/mcp/manager.go:359.59,363.2 3 0
github.com/common-creation/coda/internal/mcp/manager.go:366.91,367.27 1 0
github.com/common-creation/coda/internal/mcp/manager.go:367.27,369.3 1 0
github.com/common-creation/coda/internal/mcp/manager.go:373.78,376.2 2 0
github.com/common-creation/coda/internal/mcp/sse_transport.go:41.62,42.22 1 10
github.com/common-creation/coda/internal/mcp/sse_transport.go:42.22,44.3 1 1
github.com/common-creation/coda/internal/mcp/sse_transport.go:46.2,64.35 2 9
github.com/common-creation/coda/internal/mcp/sse_transport.go:64.35,66.3 1 2
github.com/common-creation/coda/internal/mcp/sse_transport.go:69.2,72.23 3 9
github.com/common-creation/coda/internal/mcp/sse_transport.go:76.59,80.17 3 4
github.com/common-creation/coda/internal/mcp/sse_transport.go:80.17,82.3 1 0
github.com/common-creation/coda/internal/mcp/sse_transport.go:85.2,87.16 3 4
github.com/common-creation/coda/internal/mcp/sse_transport.go:87.16,89.3 1 0
github.com/common-creation/coda/internal/mcp/sse_transport.go:92.2,92.30 1 4
github.com/common-creation/coda/internal/mcp/sse_transport.go:92.30,94.3 1 8
github.com/common-creation/coda/internal/mcp/sse_transport.go:97.2,98.16 2 4
github.com/common-creation/coda/internal/mcp/sse_transport.go:98.16,100.3 1 1
github.com/common-creation/coda/internal/mcp/sse_transport.go:102.2,102.38 1 3
github.com/common-creation/coda/internal/mcp/sse_transport.go:102.38,108.3 2 0
github.com/common-creation/coda/internal/mcp/sse_transport.go:110.2,118.12 6 3
github.com/common-creation/coda/internal/mcp/sse_transport.go:122.38,126.18 3 1
github.com/common-creation/coda/internal/mcp/sse_transport.go:126.18,128.3 1 0
github.com/common-creation/coda/internal/mcp/sse_transport.go:131.2,134.26 2 1
github.com/common-creation/coda/internal/mcp/sse_transport.go:134.26,137.3 2 1
github.com/common-creation/coda/internal/mcp/sse_transport.go:140.2,141.34 2 1
github.com/common-creation/coda/internal/mcp/sse_transport.go:141.34,143.3 1 0
github.com/common-creation/coda/internal/mcp/sse_transport.go:144.2,148.12 4 1
github.com/common-creation/coda/internal/mcp/sse_transport.go:152.43,156.2 3 7
github.com/common-creation/coda/internal/mcp/sse_transport.go:159.113,161.18 2 0
github.com/common-creation/coda/internal/mcp/sse_transport.go:161.18,164.3 2 0
github.com/common-creation/coda/internal/mcp/sse_transport.go:165.2,177.16 9 0
github.com/common-creation/coda/internal/mcp/sse_transport.go:177.16,182.3 4 0
github.com/common-creation/coda/internal/mcp/sse_transport.go:185.2,185.9 1 0
github.com/common-creation/coda/internal/mcp/sse_transport.go:186.32,190.23 4 0
github.com/common-creation/coda/internal/mcp/sse_transport.go:191.20,195.69 4 0
github.com/common-creation/coda/internal/mcp/sse_transport.go:196.18,197.65 1 0
github.com/common-creation/coda/internal/mcp/sse_transport.go:202.103,204.18 2 1
github.com/common-creation/coda/internal/mcp/sse_transport.go:204.18,207.3 2 0
github.com/common-creation/coda/internal/mcp/sse_transport.go:208.2,210.51 2 1
github.com/common-creation/coda/internal/mcp/sse_transport.go:214.120,221.21 2 1
github.com/common-creation/coda/internal/mcp/sse_transport.go:221.21,223.3 1 0
github.com/common-creation/coda/internal/mcp/sse_transport.go:225.2,225.19 1 1
github.com/common-creation/coda/internal/mcp/sse_transport.go:225.19,227.3 1 1
github.com/common-creation/coda/internal/mcp/sse_transport.go:230.2,231.16 2 1
github.com/common-creation/coda/internal/mcp/sse_transport.go:231.16,233.3 1 0
github.com/common-creation/coda/internal/mcp/sse_transport.go:236.2,238.16 3 1
github.com/common-creation/coda/internal/mcp/sse_transport.go:238.16,240.3 1 0
github.com/common-creation/coda/internal/mcp/sse_transport.go:243.2,244.30 2 1
github.com/common-creation/coda/internal/mcp/sse_transport.go:244.30,245.44 1 2
github.com/common-creation/coda/internal/mcp/sse_transport.go:245.44,247.4 1 0
github.com/common-creation/coda/internal/mcp/sse_transport.go:251.2,252.16 2 1
github.com/common-creation/coda/internal/mcp/sse_transport.go:252.16,254.3 1 0
github.com/common-creation/coda/internal/mcp/sse_transport.go:255.2,258.53 2 1
github.com/common-creation/coda/internal/mcp/sse_transport.go:258.53,265.3 2 0
github.com/common-creation/coda/internal/mcp/sse_transport.go:267.2,267.12 1 1
github.com/common-creation/coda/internal/mcp/sse_transport.go:271.37,272.15 1 3
github.com/common-creation/coda/internal/mcp/sse_transport.go:272.15,273.31 1 3
github.com/common-creation/coda/internal/mcp/sse_transport.go:273.32,275.4 0 0
github.com/common-creation/coda/internal/mcp/sse_transport.go:278.2,280.27 2 3
github.com/common-creation/coda/internal/mcp/sse_transport.go:280.27,284.17 2 2
github.com/common-creation/coda/internal/mcp/sse_transport.go:284.17,285.59 1 1
github.com/common-creation/coda/internal/mcp/sse_transport.go:285.59,286.12 1 1
github.com/common-creation/coda/internal/mcp/sse_transport.go:287.36,287.36 0 1
github.com/common-creation/coda/internal/mcp/sse_transport.go:288.21,289.12 1 0
github.com/common-creation/coda/internal/mcp/sse_transport.go:291.5,291.30 1 1
github.com/common-creation/coda/internal/mcp/sse_transport.go:293.4,293.12 1 1
github.com/common-creation/coda/internal/mcp/sse_transport.go:297.3,297.40 1 1
github.com/common-creation/coda/internal/mcp/sse_transport.go:297.40,299.31 2 1
github.com/common-creation/coda/internal/mcp/sse_transport.go:299.31,301.5 1 0
github.com/common-creation/coda/internal/mcp/sse_transport.go:301.10,303.5 1 1
github.com/common-creation/coda/internal/mcp/sse_transport.go:304.9,304.48 1 0
github.com/common-creation/coda/internal/mcp/sse_transport.go:304.48,306.4 1 0
github.com/common-creation/coda/internal/mcp/sse_transport.go:306.9,306.45 1 0
github.com/common-creation/coda/internal/mcp/sse_transport.go:306.45,308.4 1 0
github.com/common-creation/coda/internal/mcp/sse_transport.go:312.2,312.44 1 3
github.com/common-creation/coda/internal/mcp/sse_transport.go:312.44,317.3 3 0
github.com/common-creation/coda/internal/mcp/sse_transport.go:321.40,322.15 1 3
github.com/common-creation/coda/internal/mcp/sse_transport.go:322.15,323.31 1 1
github.com/common-creation/coda/internal/mcp/sse_transport.go:323.32,325.4 0 0
github.com/common-creation/coda/internal/mcp/sse_transport.go:328.2,328.6 1 3
github.com/common-creation/coda/internal/mcp/sse_transport.go:328.6,329.10 1 4
github.com/common-creation/coda/internal/mcp/sse_transport.go:330.29,331.24 1 1
github.com/common-creation/coda/internal/mcp/sse_transport.go:332.19,333.10 1 1
github.com/common-creation/coda/internal/mcp/sse_transport.go:339.52,342.77 2 1
github.com/common-creation/coda/internal/mcp/sse_transport.go:342.77,345.3 1 0
github.com/common-creation/coda/internal/mcp/sse_transport.go:348.2,348.49 1 1
github.com/common-creation/coda/internal/mcp/sse_transport.go:348.49,355.13 5 0
github.com/common-creation/coda/internal/mcp/sse_transport.go:355.13,358.65 2 0
github.com/common-creation/coda/internal/mcp/sse_transport.go:358.65,360.5 1 0
github.com/common-creation/coda/internal/mcp/sse_transport.go:360.10,360.71 1 0
github.com/common-creation/coda/internal/mcp/sse_transport.go:360.71,363.60 2 0
github.com/common-creation/coda/internal/mcp/sse_transport.go:363.60,364.51 1 0
github.com/common-creation/coda/internal/mcp/sse_transport.go:364.51,366.7 1 0
github.com/common-creation/coda/internal/mcp/sse_transport.go:368.5,368.58 1 0
github.com/common-creation/coda/internal/mcp/sse_transport.go:371.4,371.11 1 0
github.com/common-creation/coda/internal/mcp/sse_transport.go:372.32,372.32 0 0
github.com/common-creation/coda/internal/mcp/sse_transport.go:373.12,373.12 0 0
github.com/common-creation/coda/internal/mcp/sse_transport.go:381.58,395.2 6 1
github.com/common-creation/coda/internal/mcp/stdio_transport.go:32.64,33.26 1 10
github.com/common-creation/coda/internal/mcp/stdio_transport.go:33.26,35.3 1 1
github.com/common-creation/coda/internal/mcp/stdio_transport.go:37.2,43.8 2 9
github.com/common-creation/coda/internal/mcp/stdio_transport.go:47.62,51.18 3 1
github.com/common-creation/coda/internal/mcp/stdio_transport.go:51.18,53.3 1 0
github.com/common-creation/coda/internal/mcp/stdio_transport.go:56.2,63.28 4 1
github.com/common-creation/coda/internal/mcp/stdio_transport.go:63.28,65.41 2 0
github.com/common-creation/coda/internal/mcp/stdio_transport.go:65.41,67.4 1 0
github.com/common-creation/coda/internal/mcp/stdio_transport.go:68.3,68.19 1 0
github.com/common-creation/coda/internal/mcp/stdio_transport.go:71.2,74.39 2 1
github.com/common-creation/coda/internal/mcp/stdio_transport.go:74.39,76.3 1 0
github.com/common-creation/coda/internal/mcp/stdio_transport.go:78.2,95.16 6 1
github.com/common-creation/coda/internal/mcp/stdio_transport.go:95.16,98.3 2 1
github.com/common-creation/coda/internal/mcp/stdio_transport.go:100.2,108.12 6 0
github.com/common-creation/coda/internal/mcp/stdio_transport.go:112.41,116.19 3 2
github.com/common-creation/coda/internal/mcp/stdio_transport.go:116.19,118.3 1 2
github.com/common-creation/coda/internal/mcp/stdio_transport.go:120.2,123.22 2 0
github.com/common-creation/coda/internal/mcp/stdio_transport.go:123.22,125.3 1 0
github.com/common-creation/coda/internal/mcp/stdio_transport.go:128.2,131.9 2 0
github.com/common-creation/coda/internal/mcp/stdio_transport.go:132.17,133.46 1 0
github.com/common-creation/coda/internal/mcp/stdio_transport.go:134.37,135.66 1 0
github.com/common-creation/coda/internal/mcp/stdio_transport.go:138.2,141.12 3 0
github.com/common-creation/coda/internal/mcp/stdio_transport.go:145.46,149.2 3 4
github.com/common-creation/coda/internal/mcp/stdio_transport.go:152.116,158.34 5 1
github.com/common-creation/coda/internal/mcp/stdio_transport.go:158.34,160.3 1 1
github.com/common-creation/coda/internal/mcp/stdio_transport.go:164.2,165.57 2 0
github.com/common-creation/coda/internal/mcp/stdio_transport.go:169.106,175.34 5 1
github.com/common-creation/coda/internal/mcp/stdio_transport.go:175.34,177.3 1 1
github.com/common-creation/coda/internal/mcp/stdio_transport.go:181.2,182.12 2 0
github.com/common-creation/coda/internal/mcp/stdio_transport.go:188.63,191.44 2 0
github.com/common-creation/coda/internal/mcp/stdio_transport.go:191.44,193.3 1 0
github.com/common-creation/coda/internal/mcp/stdio_transport.go:196.2,197.12 2 0
github.com/common-creation/coda/internal/mcp/stdio_transport.go:197.12,199.3 1 0
github.com/common-creation/coda/internal/mcp/stdio_transport.go:201.2,201.9 1 0
github.com/common-creation/coda/internal/mcp/stdio_transport.go:202.20,205.10 2 0
github.com/common-creation/coda/internal/mcp/stdio_transport.go:206.21,207.59 1 0
github.com/common-creation/coda/internal/mcp/stdio_transport.go:208.38,210.48 2 0
github.com/common-creation/coda/internal/mcp/stdio_transport.go:210.48,212.5 1 0
github.com/common-creation/coda/internal/mcp/stdio_transport.go:214.27,219.17 4 0
github.com/common-creation/coda/internal/mcp/stdio_transport.go:219.17,221.4 1 0
github.com/common-creation/coda/internal/mcp/stdio_transport.go:221.9,223.4 1 0
github.com/common-creation/coda/internal/mcp/stdio_transport.go:228.37,230.23 1 1
github.com/common-creation/coda/internal/mcp/stdio_transport.go:230.23,231.44 1 0
github.com/common-creation/coda/internal/mcp/stdio_transport.go:231.44,233.4 1 0
github.com/common-creation/coda/internal/mcp/stdio_transport.go:234.3,234.19 1 0
github.com/common-creation/coda/internal/mcp/stdio_transport.go:239.2,242.44 2 1
github.com/common-creation/coda/internal/mcp/stdio_transport.go:242.44,243.47 1 1
github.com/common-creation/coda/internal/mcp/stdio_transport.go:243.47,245.4 1 0
github.com/common-creation/coda/internal/mcp/stdio_transport.go:246.3,246.15 1 1
github.com/common-creation/coda/internal/mcp/transport.go:34.53,36.2 1 2
github.com/common-creation/coda/internal/mcp/transport.go:39.91,42.25 2 5
github.com/common-creation/coda/internal/mcp/transport.go:42.25,44.3 1 1
github.com/common-creation/coda/internal/mcp/transport.go:46.2,46.23 1 5
github.com/common-creation/coda/internal/mcp/transport.go:47.15,48.35 1 2
github.com/common-creation/coda/internal/mcp/transport.go:49.14,50.34 1 1
github.com/common-creation/coda/internal/mcp/transport.go:51.13,52.33 1 1
github.com/common-creation/coda/internal/mcp/transport.go:53.10,54.80 1 1
github.com/common-creation/coda/internal/mcp/transport.go:66.80,72.2 1 14
github.com/common-creation/coda/internal/mcp/transport.go:75.41,76.20 1 8
github.com/common-creation/coda/internal/mcp/transport.go:76.20,78.3 1 2
github.com/common-creation/coda/internal/mcp/transport.go:79.2,79.45 1 6
github.com/common-creation/coda/internal/mcp/transport.go:83.41,85.2 1 2
github.com/common-creation/coda/internal/mcp/transport.go:93.62,96.2 2 2
github.com/common-creation/coda/internal/mcp/transport.go:99.41,102.2 2 2
github.com/common-creation/coda/internal/mcp/transport.go:105.46,107.2 1 4
github.com/common-creation/coda/internal/mcp/transport.go:110.116,112.2 1 2
github.com/common-creation/coda/internal/mcp/transport.go:115.106,117.2 1 2
github.com/common-creation/coda/internal/mcp/types.go:68.32,69.11 1 0
github.com/common-creation/coda/internal/mcp/types.go:70.21,71.20 1 0
github.com/common-creation/coda/internal/mcp/types.go:72.20,73.19 1 0
github.com/common-creation/coda/internal/mcp/types.go:74.18,75.17 1 0
github.com/common-creation/coda/internal/mcp/types.go:76.20,77.19 1 0
github.com/common-creation/coda/internal/mcp/types.go:78.10,79.19 1 0
